#
# A fatal error has been detected by the Java Runtime Environment:
#
#  EXCEPTION_ACCESS_VIOLATION (0xc0000005) at pc=0x00007ff8daa6d2d6, pid=25268, tid=19492
#
# JRE version: Java(TM) SE Runtime Environment (21.0.3+7) (build 21.0.3+7-LTS-152)
# Java VM: Java HotSpot(TM) 64-Bit Server VM (21.0.3+7-LTS-152, mixed mode, emulated-client, sharing, tiered, compressed oops, compressed class ptrs, g1 gc, windows-amd64)
# Problematic frame:
# V  [jvm.dll+0x13d2d6]
#
# No core dump will be written. Minidumps are not enabled by default on client versions of Windows
#
# If you would like to submit a bug report, please visit:
#   https://bugreport.java.com/bugreport/crash.jsp
#

---------------  S U M M A R Y ------------

Command Line: -XX:+ShowCodeDetailsInExceptionMessages -agentlib:jdwp=transport=dt_socket,suspend=y,address=localhost:58306 -Dcom.sun.management.jmxremote -Dcom.sun.management.jmxremote.port=58305 -Dcom.sun.management.jmxremote.authenticate=false -Dcom.sun.management.jmxremote.ssl=false -Djava.rmi.server.hostname=localhost -Dspring.jmx.enabled=true -Dmanagement.endpoints.jmx.exposure.include=* -Dspring.application.admin.enabled=true -XX:TieredStopAtLevel=1 -Dspring.boot.project.name=user-service -javaagent:D:\softwares\sts-4.22.0.RELEASE\configuration\org.eclipse.osgi\266\0\.cp\lib\javaagent-shaded.jar -Dfile.encoding=UTF-8 -Dstdout.encoding=UTF-8 -Dstderr.encoding=UTF-8 com.user.service.UserServiceApplication --spring.output.ansi.enabled=always

Host: 12th Gen Intel(R) Core(TM) i5-12450H, 12 cores, 15G,  Windows 11 , 64 bit Build 22621 (10.0.22621.3958)
Time: Thu Sep 12 15:26:11 2024 India Standard Time elapsed time: 90.698088 seconds (0d 0h 1m 30s)

---------------  T H R E A D  ---------------

Current thread (0x00000241e2b52360):  WorkerThread "GC Thread#2"    [id=19492, stack(0x0000009c96a00000,0x0000009c96b00000) (1024K)]

Stack: [0x0000009c96a00000,0x0000009c96b00000],  sp=0x0000009c96afe2f8,  free space=1016k
Native frames: (J=compiled Java code, j=interpreted, Vv=VM code, C=native code)
V  [jvm.dll+0x13d2d6]

JavaThread 0x00000241e5726af0 (nid = 7784) was being processed
Java frames: (J=compiled Java code, j=interpreted, Vv=VM code)
j  java.lang.invoke.DirectMethodHandle$Holder.invokeVirtual(Ljava/lang/Object;Ljava/lang/Object;)Ljava/lang/Object;+10 java.base@21.0.3
J 2774 c1 java.lang.invoke.LambdaForm$MH+0x0000024181001c00.invoke(Ljava/lang/Object;Ljava/lang/Object;)Ljava/lang/Object; java.base@21.0.3 (35 bytes) @ 0x00000241d34f27ec [0x00000241d34f26e0+0x000000000000010c]
J 4696 c1 jdk.internal.reflect.DirectMethodHandleAccessor.invoke(Ljava/lang/Object;[Ljava/lang/Object;)Ljava/lang/Object; java.base@21.0.3 (92 bytes) @ 0x00000241d38504bc [0x00000241d3850140+0x000000000000037c]
J 4767 c1 java.lang.reflect.Method.invoke(Ljava/lang/Object;[Ljava/lang/Object;)Ljava/lang/Object; java.base@21.0.3 (108 bytes) @ 0x00000241d3877b74 [0x00000241d3877980+0x00000000000001f4]
j  org.springframework.web.method.support.InvocableHandlerMethod.doInvoke([Ljava/lang/Object;)Ljava/lang/Object;+55
j  org.springframework.web.method.support.InvocableHandlerMethod.invokeForRequest(Lorg/springframework/web/context/request/NativeWebRequest;Lorg/springframework/web/method/support/ModelAndViewContainer;[Ljava/lang/Object;)Ljava/lang/Object;+82
j  org.springframework.web.servlet.mvc.method.annotation.ServletInvocableHandlerMethod.invokeAndHandle(Lorg/springframework/web/context/request/ServletWebRequest;Lorg/springframework/web/method/support/ModelAndViewContainer;[Ljava/lang/Object;)V+4
j  org.springframework.web.servlet.mvc.method.annotation.RequestMappingHandlerAdapter.invokeHandlerMethod(Ljakarta/servlet/http/HttpServletRequest;Ljakarta/servlet/http/HttpServletResponse;Lorg/springframework/web/method/HandlerMethod;)Lorg/springframework/web/servlet/ModelAndView;+309
j  org.springframework.web.servlet.mvc.method.annotation.RequestMappingHandlerAdapter.handleInternal(Ljakarta/servlet/http/HttpServletRequest;Ljakarta/servlet/http/HttpServletResponse;Lorg/springframework/web/method/HandlerMethod;)Lorg/springframework/web/servlet/ModelAndView;+81
j  org.springframework.web.servlet.mvc.method.AbstractHandlerMethodAdapter.handle(Ljakarta/servlet/http/HttpServletRequest;Ljakarta/servlet/http/HttpServletResponse;Ljava/lang/Object;)Lorg/springframework/web/servlet/ModelAndView;+7
j  org.springframework.web.servlet.DispatcherServlet.doDispatch(Ljakarta/servlet/http/HttpServletRequest;Ljakarta/servlet/http/HttpServletResponse;)V+304
j  org.springframework.web.servlet.DispatcherServlet.doService(Ljakarta/servlet/http/HttpServletRequest;Ljakarta/servlet/http/HttpServletResponse;)V+242
j  org.springframework.web.servlet.FrameworkServlet.processRequest(Ljakarta/servlet/http/HttpServletRequest;Ljakarta/servlet/http/HttpServletResponse;)V+70
j  org.springframework.web.servlet.FrameworkServlet.doGet(Ljakarta/servlet/http/HttpServletRequest;Ljakarta/servlet/http/HttpServletResponse;)V+3
j  jakarta.servlet.http.HttpServlet.service(Ljakarta/servlet/http/HttpServletRequest;Ljakarta/servlet/http/HttpServletResponse;)V+35
j  org.springframework.web.servlet.FrameworkServlet.service(Ljakarta/servlet/http/HttpServletRequest;Ljakarta/servlet/http/HttpServletResponse;)V+20
j  jakarta.servlet.http.HttpServlet.service(Ljakarta/servlet/ServletRequest;Ljakarta/servlet/ServletResponse;)V+37
j  org.apache.catalina.core.ApplicationFilterChain.internalDoFilter(Ljakarta/servlet/ServletRequest;Ljakarta/servlet/ServletResponse;)V+300
j  org.apache.catalina.core.ApplicationFilterChain.doFilter(Ljakarta/servlet/ServletRequest;Ljakarta/servlet/ServletResponse;)V+99
j  org.apache.tomcat.websocket.server.WsFilter.doFilter(Ljakarta/servlet/ServletRequest;Ljakarta/servlet/ServletResponse;Ljakarta/servlet/FilterChain;)V+21
j  org.apache.catalina.core.ApplicationFilterChain.internalDoFilter(Ljakarta/servlet/ServletRequest;Ljakarta/servlet/ServletResponse;)V+130
j  org.apache.catalina.core.ApplicationFilterChain.doFilter(Ljakarta/servlet/ServletRequest;Ljakarta/servlet/ServletResponse;)V+99
j  org.springframework.web.filter.RequestContextFilter.doFilterInternal(Ljakarta/servlet/http/HttpServletRequest;Ljakarta/servlet/http/HttpServletResponse;Ljakarta/servlet/FilterChain;)V+21
j  org.springframework.web.filter.OncePerRequestFilter.doFilter(Ljakarta/servlet/ServletRequest;Ljakarta/servlet/ServletResponse;Ljakarta/servlet/FilterChain;)V+150
j  org.apache.catalina.core.ApplicationFilterChain.internalDoFilter(Ljakarta/servlet/ServletRequest;Ljakarta/servlet/ServletResponse;)V+130
j  org.apache.catalina.core.ApplicationFilterChain.doFilter(Ljakarta/servlet/ServletRequest;Ljakarta/servlet/ServletResponse;)V+99
j  org.springframework.web.filter.FormContentFilter.doFilterInternal(Ljakarta/servlet/http/HttpServletRequest;Ljakarta/servlet/http/HttpServletResponse;Ljakarta/servlet/FilterChain;)V+38
j  org.springframework.web.filter.OncePerRequestFilter.doFilter(Ljakarta/servlet/ServletRequest;Ljakarta/servlet/ServletResponse;Ljakarta/servlet/FilterChain;)V+150
j  org.apache.catalina.core.ApplicationFilterChain.internalDoFilter(Ljakarta/servlet/ServletRequest;Ljakarta/servlet/ServletResponse;)V+130
j  org.apache.catalina.core.ApplicationFilterChain.doFilter(Ljakarta/servlet/ServletRequest;Ljakarta/servlet/ServletResponse;)V+99
j  org.springframework.web.filter.ServerHttpObservationFilter.doFilterInternal(Ljakarta/servlet/http/HttpServletRequest;Ljakarta/servlet/http/HttpServletResponse;Ljakarta/servlet/FilterChain;)V+20
j  org.springframework.web.filter.OncePerRequestFilter.doFilter(Ljakarta/servlet/ServletRequest;Ljakarta/servlet/ServletResponse;Ljakarta/servlet/FilterChain;)V+150
j  org.apache.catalina.core.ApplicationFilterChain.internalDoFilter(Ljakarta/servlet/ServletRequest;Ljakarta/servlet/ServletResponse;)V+130
j  org.apache.catalina.core.ApplicationFilterChain.doFilter(Ljakarta/servlet/ServletRequest;Ljakarta/servlet/ServletResponse;)V+99
j  org.springframework.web.filter.CharacterEncodingFilter.doFilterInternal(Ljakarta/servlet/http/HttpServletRequest;Ljakarta/servlet/http/HttpServletResponse;Ljakarta/servlet/FilterChain;)V+53
j  org.springframework.web.filter.OncePerRequestFilter.doFilter(Ljakarta/servlet/ServletRequest;Ljakarta/servlet/ServletResponse;Ljakarta/servlet/FilterChain;)V+150
j  org.apache.catalina.core.ApplicationFilterChain.internalDoFilter(Ljakarta/servlet/ServletRequest;Ljakarta/servlet/ServletResponse;)V+130
j  org.apache.catalina.core.ApplicationFilterChain.doFilter(Ljakarta/servlet/ServletRequest;Ljakarta/servlet/ServletResponse;)V+99
j  org.apache.catalina.core.StandardWrapperValve.invoke(Lorg/apache/catalina/connector/Request;Lorg/apache/catalina/connector/Response;)V+514
j  org.apache.catalina.core.StandardContextValve.invoke(Lorg/apache/catalina/connector/Request;Lorg/apache/catalina/connector/Response;)V+169
j  org.apache.catalina.authenticator.AuthenticatorBase.invoke(Lorg/apache/catalina/connector/Request;Lorg/apache/catalina/connector/Response;)V+221
j  org.apache.catalina.core.StandardHostValve.invoke(Lorg/apache/catalina/connector/Request;Lorg/apache/catalina/connector/Response;)V+131
j  org.apache.catalina.valves.ErrorReportValve.invoke(Lorg/apache/catalina/connector/Request;Lorg/apache/catalina/connector/Response;)V+6
j  org.apache.catalina.core.StandardEngineValve.invoke(Lorg/apache/catalina/connector/Request;Lorg/apache/catalina/connector/Response;)V+59
j  org.apache.catalina.connector.CoyoteAdapter.service(Lorg/apache/coyote/Request;Lorg/apache/coyote/Response;)V+188
j  org.apache.coyote.http11.Http11Processor.service(Lorg/apache/tomcat/util/net/SocketWrapperBase;)Lorg/apache/tomcat/util/net/AbstractEndpoint$Handler$SocketState;+796
j  org.apache.coyote.AbstractProcessorLight.process(Lorg/apache/tomcat/util/net/SocketWrapperBase;Lorg/apache/tomcat/util/net/SocketEvent;)Lorg/apache/tomcat/util/net/AbstractEndpoint$Handler$SocketState;+155
j  org.apache.coyote.AbstractProtocol$ConnectionHandler.process(Lorg/apache/tomcat/util/net/SocketWrapperBase;Lorg/apache/tomcat/util/net/SocketEvent;)Lorg/apache/tomcat/util/net/AbstractEndpoint$Handler$SocketState;+482
j  org.apache.tomcat.util.net.NioEndpoint$SocketProcessor.doRun()V+249
j  org.apache.tomcat.util.net.SocketProcessorBase.run()V+32
j  org.apache.tomcat.util.threads.ThreadPoolExecutor.runWorker(Lorg/apache/tomcat/util/threads/ThreadPoolExecutor$Worker;)V+92
j  org.apache.tomcat.util.threads.ThreadPoolExecutor$Worker.run()V+5
j  org.apache.tomcat.util.threads.TaskThread$WrappingRunnable.run()V+4
j  java.lang.Thread.runWith(Ljava/lang/Object;Ljava/lang/Runnable;)V+5 java.base@21.0.3
j  java.lang.Thread.run()V+19 java.base@21.0.3
v  ~StubRoutines::call_stub 0x00000241d2d7100d

siginfo: EXCEPTION_ACCESS_VIOLATION (0xc0000005), reading address 0x000002420072b612


Registers:
RAX=0x0000000000000000, RBX=0x0000000000001207, RCX=0x0000009c983fd1d0, RDX=0x0000009c983fd1d0
RSP=0x0000009c96afe2f8, RBP=0x0000009c96afe4d0, RSI=0x0000009c983fd1d0, RDI=0x0000009c983fd1d0
R8 =0x000002420072b60a, R9 =0x0000009c983fd1d0, R10=0x00000241ca919c80, R11=0x0000009c96afe548
R12=0x0000024180544490, R13=0x000002420072b60a, R14=0x0000009c983fd1d0, R15=0x00000241e3f84240
RIP=0x00007ff8daa6d2d6, EFLAGS=0x0000000000010206


Register to memory mapping:

RAX=0x0 is null
RBX=0x0000000000001207 is an unknown value
RCX=0x0000009c983fd1d0 is pointing into the stack for thread: 0x00000241e5726af0
RDX=0x0000009c983fd1d0 is pointing into the stack for thread: 0x00000241e5726af0
RSP=0x0000009c96afe2f8 points into unknown readable memory: 0x00007ff8dac825bb | bb 25 c8 da f8 7f 00 00
RBP=0x0000009c96afe4d0 points into unknown readable memory: 0x0000009c00000000 | 00 00 00 00 9c 00 00 00
RSI=0x0000009c983fd1d0 is pointing into the stack for thread: 0x00000241e5726af0
RDI=0x0000009c983fd1d0 is pointing into the stack for thread: 0x00000241e5726af0
R8 =0x000002420072b60a is an unknown value
R9 =0x0000009c983fd1d0 is pointing into the stack for thread: 0x00000241e5726af0
R10=0x00000241ca919c80 points into unknown readable memory: 0x00007ff8db2f7f28 | 28 7f 2f db f8 7f 00 00
R11=0x0000009c96afe548 points into unknown readable memory: 0x00007ff8dac40c9d | 9d 0c c4 da f8 7f 00 00
R12=0x0000024180544490 is pointing into metadata
R13=0x000002420072b60a is an unknown value
R14=0x0000009c983fd1d0 is pointing into the stack for thread: 0x00000241e5726af0
R15=0x00000241e3f84240 points into unknown readable memory: 0x00007ff8db2ff248 | 48 f2 2f db f8 7f 00 00

Top of Stack: (sp=0x0000009c96afe2f8)
0x0000009c96afe2f8:   00007ff8dac825bb 0000000ce130ec09
0x0000009c96afe308:   0000000000000002 000000000000012f
0x0000009c96afe318:   00007ff8dafe4f1f 000000000000012f
0x0000009c96afe328:   00007ff8dac46696 00000241e21b6a78
0x0000009c96afe338:   00007ff8db06f0a2 0000009c982ff410
0x0000009c96afe348:   0000000000000008 00000241e4d5d4d8
0x0000009c96afe358:   0000000000000000 00000241e29ba930
0x0000009c96afe368:   00000241e21b6690 0000024180544490
0x0000009c96afe378:   0000009c983fd1d0 0000009c983fd1d0
0x0000009c96afe388:   0000009c96afe4d0 00000241e4d5d4d8
0x0000009c96afe398:   00007ff8dac90aad 0000009c96afe460
0x0000009c96afe3a8:   0000009c96afe6a0 0000024180480090
0x0000009c96afe3b8:   0000000000000000 00000241e4d5d4d8
0x0000009c96afe3c8:   00007ff8dac4124b 0000000000000001
0x0000009c96afe3d8:   0000009c96afe6a0 00000241e4d5d4d8
0x0000009c96afe3e8:   0000009c96afe6a0 0000000ae4d5d501
0x0000009c96afe3f8:   00000241800b4c78 00000241e2b52360
0x0000009c96afe408:   0000024100000003 00000000000003d8
0x0000009c96afe418:   00000241e21b66a0 00000241e21b6a78
0x0000009c96afe428:   000002418072b60a 00000241000000b8
0x0000009c96afe438:   00000241800b4c78 00007ff8db2f68c0
0x0000009c96afe448:   0000009c96afe6a0 00000241e4d5d4d8
0x0000009c96afe458:   0000000400000003 0000024180544490
0x0000009c96afe468:   0000001300000001 0000000000000043
0x0000009c96afe478:   000000010000000c 0000024180480090
0x0000009c96afe488:   0000000000000000 00000241e2b7f85c
0x0000009c96afe498:   00008a2d00000002 0000000300000001
0x0000009c96afe4a8:   0000ffff0940d400 00000241e2b40f80
0x0000009c96afe4b8:   00007ff8dac46696 0000024180017600
0x0000009c96afe4c8:   00000006e21b0013 0000009c00000000
0x0000009c96afe4d8:   0000000000000015 00000241e4d5d4d8
0x0000009c96afe4e8:   00007ff8dac90b18 0000000000000000 

Instructions: (pc=0x00007ff8daa6d2d6)
0x00007ff8daa6d1d6:   4c 63 c0 41 8b c1 48 c1 f8 10 48 63 14 19 41 8b
0x00007ff8daa6d1e6:   c9 83 e1 3f 48 d3 e2 0f b6 c8 49 8d 04 10 49 f7
0x00007ff8daa6d1f6:   d0 48 03 c8 49 c1 e8 03 48 c1 e9 03 49 23 c8 eb
0x00007ff8daa6d206:   12 49 8b 00 48 8b d3 49 8b c8 ff 90 00 01 00 00
0x00007ff8daa6d216:   48 8b c8 48 89 1f 48 8b c7 48 8b 5c 24 30 48 89
0x00007ff8daa6d226:   4f 08 48 83 c4 20 5f c3 cc cc 0f b6 05 63 63 a7
0x00007ff8daa6d236:   00 48 8b d1 84 c0 74 16 44 8b 41 08 8b 0d 30 4d
0x00007ff8daa6d246:   a7 00 49 d3 e0 4c 03 05 1e 4d a7 00 eb 04 4c 8b
0x00007ff8daa6d256:   41 08 45 8b 48 08 45 85 c9 7e 0e 41 f6 c1 01 75
0x00007ff8daa6d266:   53 41 c1 f9 03 49 63 c1 c3 79 49 84 c0 41 b8 0c
0x00007ff8daa6d276:   00 00 00 8b 05 39 5e a7 00 b9 10 00 00 00 41 0f
0x00007ff8daa6d286:   45 c8 ff c8 4c 63 c0 41 8b c1 48 c1 f8 10 0f b6
0x00007ff8daa6d296:   c0 48 63 14 11 41 8b c9 83 e1 3f 48 d3 e2 49 8d
0x00007ff8daa6d2a6:   0c 10 49 f7 d0 48 03 c1 49 c1 e8 03 48 c1 e8 03
0x00007ff8daa6d2b6:   49 23 c0 c3 49 8b 00 49 8b c8 48 ff a0 00 01 00
0x00007ff8daa6d2c6:   00 cc cc cc cc cc cc cc cc cc 4c 8b c2 48 8b d1
0x00007ff8daa6d2d6:   45 8b 48 08 45 85 c9 7e 0e 41 f6 c1 01 75 56 41
0x00007ff8daa6d2e6:   c1 f9 03 49 63 c1 c3 79 4c 80 3d a4 62 a7 00 00
0x00007ff8daa6d2f6:   b8 0c 00 00 00 b9 10 00 00 00 0f 45 c8 8b 05 af
0x00007ff8daa6d306:   5d a7 00 ff c8 4c 63 c0 41 8b c1 48 c1 f8 10 48
0x00007ff8daa6d316:   63 14 11 41 8b c9 83 e1 3f 0f b6 c0 48 d3 e2 49
0x00007ff8daa6d326:   8d 0c 10 49 f7 d0 48 03 c1 49 c1 e8 03 48 c1 e8
0x00007ff8daa6d336:   03 49 23 c0 c3 49 8b 00 49 8b c8 48 ff a0 00 01
0x00007ff8daa6d346:   00 00 cc cc cc cc cc cc cc cc 48 83 ec 28 ba 37
0x00007ff8daa6d356:   00 00 00 48 8d 0d 08 0a 85 00 e8 cb f8 13 00 cc
0x00007ff8daa6d366:   cc cc cc cc cc cc cc cc cc cc 40 53 48 83 ec 20
0x00007ff8daa6d376:   48 8b d9 49 8b c0 33 c9 45 0f b6 c1 48 89 0b 48
0x00007ff8daa6d386:   89 4b 08 48 8b cb 48 89 53 10 48 8b d0 e8 a8 09
0x00007ff8daa6d396:   00 00 48 8b c3 48 83 c4 20 5b c3 cc cc cc cc cc
0x00007ff8daa6d3a6:   cc cc cc cc cc cc cc cc cc cc 40 53 48 83 ec 20
0x00007ff8daa6d3b6:   33 c0 44 88 41 10 45 0f b6 c1 48 89 01 48 89 41
0x00007ff8daa6d3c6:   08 48 8b d9 e8 81 0a 00 00 48 8b c3 48 83 c4 20 


Stack slot to memory mapping:

stack at sp + 0 slots: 0x00007ff8dac825bb jvm.dll
stack at sp + 1 slots: 0x0000000ce130ec09 is an unknown value
stack at sp + 2 slots: 0x0000000000000002 is an unknown value
stack at sp + 3 slots: 0x000000000000012f is an unknown value
stack at sp + 4 slots: 0x00007ff8dafe4f1f jvm.dll
stack at sp + 5 slots: 0x000000000000012f is an unknown value
stack at sp + 6 slots: 0x00007ff8dac46696 jvm.dll
stack at sp + 7 slots: 0x00000241e21b6a78 points into unknown readable memory: 0x88000700157e60d0 | d0 60 7e 15 00 07 00 88


---------------  P R O C E S S  ---------------

Threads class SMR info:
_java_thread_list=0x00000241e55f3190, length=43, elements={
0x00000241ddc53e90, 0x00000241ddc55450, 0x00000241ddc56ea0, 0x00000241ddc58020,
0x00000241ddc5f260, 0x00000241ddc631c0, 0x00000241ddc663d0, 0x00000241e2068860,
0x00000241e2158710, 0x00000241e215b320, 0x00000241e215fed0, 0x00000241e2953820,
0x00000241e2b3b810, 0x00000241e2b41900, 0x00000241e297d190, 0x00000241e2bca600,
0x00000241e2bffee0, 0x00000241e2c01140, 0x00000241e2c3b8e0, 0x00000241e2f93310,
0x00000241e2f91240, 0x00000241e2f946c0, 0x00000241e2f918d0, 0x00000241e5725740,
0x00000241e5726af0, 0x00000241e5728530, 0x00000241e5722950, 0x00000241e5724a20,
0x00000241e5722fe0, 0x00000241e57250b0, 0x00000241e5725dd0, 0x00000241e5723670,
0x00000241e5727180, 0x00000241e5721c30, 0x00000241e57222c0, 0x00000241e5723d00,
0x00000241e5728bc0, 0x00000241e2f92c80, 0x00000241e29aa340, 0x00000241e29a8900,
0x00000241e29ad7c0, 0x00000241e29a9cb0, 0x00000241e29acaa0
}

Java Threads: ( => current thread )
  0x00000241ddc53e90 JavaThread "Reference Handler"          daemon [_thread_blocked, id=20192, stack(0x0000009c95900000,0x0000009c95a00000) (1024K)]
  0x00000241ddc55450 JavaThread "Finalizer"                  daemon [_thread_blocked, id=10092, stack(0x0000009c95a00000,0x0000009c95b00000) (1024K)]
  0x00000241ddc56ea0 JavaThread "Signal Dispatcher"          daemon [_thread_blocked, id=11348, stack(0x0000009c95b00000,0x0000009c95c00000) (1024K)]
  0x00000241ddc58020 JavaThread "Attach Listener"            daemon [_thread_blocked, id=23724, stack(0x0000009c95c00000,0x0000009c95d00000) (1024K)]
  0x00000241ddc5f260 JavaThread "Service Thread"             daemon [_thread_blocked, id=13596, stack(0x0000009c95d00000,0x0000009c95e00000) (1024K)]
  0x00000241ddc631c0 JavaThread "Monitor Deflation Thread"   daemon [_thread_blocked, id=12220, stack(0x0000009c95e00000,0x0000009c95f00000) (1024K)]
  0x00000241ddc663d0 JavaThread "C1 CompilerThread0"         daemon [_thread_blocked, id=8544, stack(0x0000009c95f00000,0x0000009c96000000) (1024K)]
  0x00000241e2068860 JavaThread "Common-Cleaner"             daemon [_thread_blocked, id=24024, stack(0x0000009c96000000,0x0000009c96100000) (1024K)]
  0x00000241e2158710 JavaThread "JDWP Transport Listener: dt_socket" daemon [_thread_blocked, id=10932, stack(0x0000009c96300000,0x0000009c96400000) (1024K)]
  0x00000241e215b320 JavaThread "JDWP Event Helper Thread"   daemon [_thread_blocked, id=22980, stack(0x0000009c96400000,0x0000009c96500000) (1024K)]
  0x00000241e215fed0 JavaThread "JDWP Command Reader"        daemon [_thread_in_native, id=26744, stack(0x0000009c96500000,0x0000009c96600000) (1024K)]
  0x00000241e2953820 JavaThread "Notification Thread"        daemon [_thread_blocked, id=19780, stack(0x0000009c96600000,0x0000009c96700000) (1024K)]
  0x00000241e2b3b810 JavaThread "RMI TCP Accept-0"           daemon [_thread_in_native, id=25936, stack(0x0000009c96700000,0x0000009c96800000) (1024K)]
  0x00000241e2b41900 JavaThread "RMI TCP Accept-58305"       daemon [_thread_in_native, id=25476, stack(0x0000009c96800000,0x0000009c96900000) (1024K)]
  0x00000241e297d190 JavaThread "RMI TCP Accept-0"           daemon [_thread_in_native, id=16288, stack(0x0000009c97200000,0x0000009c97300000) (1024K)]
  0x00000241e2bca600 JavaThread "RMI TCP Connection(idle)"   daemon [_thread_blocked, id=26740, stack(0x0000009c97300000,0x0000009c97400000) (1024K)]
  0x00000241e2bffee0 JavaThread "RMI Scheduler(0)"           daemon [_thread_blocked, id=23788, stack(0x0000009c97400000,0x0000009c97500000) (1024K)]
  0x00000241e2c01140 JavaThread "RMI TCP Connection(11)-127.0.0.1" daemon [_thread_in_native, id=27160, stack(0x0000009c97500000,0x0000009c97600000) (1024K)]
  0x00000241e2c3b8e0 JavaThread "JMX server connection timeout 40" daemon [_thread_blocked, id=26900, stack(0x0000009c97600000,0x0000009c97700000) (1024K)]
  0x00000241e2f93310 JavaThread "HikariPool-1 housekeeper"   daemon [_thread_blocked, id=8796, stack(0x0000009c97900000,0x0000009c97a00000) (1024K)]
  0x00000241e2f91240 JavaThread "Catalina-utility-1"                [_thread_blocked, id=23308, stack(0x0000009c97d00000,0x0000009c97e00000) (1024K)]
  0x00000241e2f946c0 JavaThread "Catalina-utility-2"                [_thread_blocked, id=2412, stack(0x0000009c97e00000,0x0000009c97f00000) (1024K)]
  0x00000241e2f918d0 JavaThread "container-0"                       [_thread_blocked, id=22624, stack(0x0000009c97f00000,0x0000009c98000000) (1024K)]
  0x00000241e5725740 JavaThread "Live Reload Server"         daemon [_thread_in_native, id=26508, stack(0x0000009c98200000,0x0000009c98300000) (1024K)]
  0x00000241e5726af0 JavaThread "http-nio-8081-exec-1"       daemon [_thread_blocked, id=7784, stack(0x0000009c98300000,0x0000009c98400000) (1024K)]
  0x00000241e5728530 JavaThread "http-nio-8081-exec-2"       daemon [_thread_blocked, id=17348, stack(0x0000009c98400000,0x0000009c98500000) (1024K)]
  0x00000241e5722950 JavaThread "http-nio-8081-exec-3"       daemon [_thread_blocked, id=8004, stack(0x0000009c98500000,0x0000009c98600000) (1024K)]
  0x00000241e5724a20 JavaThread "http-nio-8081-exec-4"       daemon [_thread_blocked, id=15568, stack(0x0000009c98600000,0x0000009c98700000) (1024K)]
  0x00000241e5722fe0 JavaThread "http-nio-8081-exec-5"       daemon [_thread_blocked, id=18684, stack(0x0000009c98700000,0x0000009c98800000) (1024K)]
  0x00000241e57250b0 JavaThread "http-nio-8081-exec-7"       daemon [_thread_blocked, id=23512, stack(0x0000009c98900000,0x0000009c98a00000) (1024K)]
  0x00000241e5725dd0 JavaThread "http-nio-8081-exec-8"       daemon [_thread_blocked, id=14364, stack(0x0000009c98a00000,0x0000009c98b00000) (1024K)]
  0x00000241e5723670 JavaThread "http-nio-8081-exec-9"       daemon [_thread_blocked, id=10288, stack(0x0000009c98b00000,0x0000009c98c00000) (1024K)]
  0x00000241e5727180 JavaThread "http-nio-8081-exec-10"      daemon [_thread_blocked, id=23472, stack(0x0000009c98c00000,0x0000009c98d00000) (1024K)]
  0x00000241e5721c30 JavaThread "DestroyJavaVM"                     [_thread_blocked, id=22996, stack(0x0000009c95000000,0x0000009c95100000) (1024K)]
  0x00000241e57222c0 JavaThread "RMI TCP Connection(idle)"   daemon [_thread_blocked, id=27244, stack(0x0000009c97700000,0x0000009c97800000) (1024K)]
  0x00000241e5723d00 JavaThread "RMI TCP Connection(idle)"   daemon [_thread_blocked, id=25672, stack(0x0000009c97800000,0x0000009c97900000) (1024K)]
  0x00000241e5728bc0 JavaThread "RMI TCP Connection(idle)"   daemon [_thread_blocked, id=23384, stack(0x0000009c99000000,0x0000009c99100000) (1024K)]
  0x00000241e2f92c80 JavaThread "RMI TCP Connection(idle)"   daemon [_thread_blocked, id=18504, stack(0x0000009c99100000,0x0000009c99200000) (1024K)]
  0x00000241e29aa340 JavaThread "RMI TCP Connection(idle)"   daemon [_thread_blocked, id=14268, stack(0x0000009c99300000,0x0000009c99400000) (1024K)]
  0x00000241e29a8900 JavaThread "RMI TCP Connection(idle)"   daemon [_thread_blocked, id=18244, stack(0x0000009c99400000,0x0000009c99500000) (1024K)]
  0x00000241e29ad7c0 JavaThread "RMI TCP Connection(9)-127.0.0.1" daemon [_thread_in_native, id=18628, stack(0x0000009c98f00000,0x0000009c99000000) (1024K)]
  0x00000241e29a9cb0 JavaThread "JMX server connection timeout 81" daemon [_thread_blocked, id=16744, stack(0x0000009c99200000,0x0000009c99300000) (1024K)]
  0x00000241e29acaa0 JavaThread "Thread-5"                          [_thread_blocked, id=23020, stack(0x0000009c94e00000,0x0000009c94f00000) (1024K)]
Total: 43

Other Threads:
  0x00000241ddc33110 VMThread "VM Thread"                           [id=24860, stack(0x0000009c95700000,0x0000009c95800000) (1024K)]
  0x00000241ddc1e400 WatcherThread "VM Periodic Task Thread"        [id=4568, stack(0x0000009c95600000,0x0000009c95700000) (1024K)]
  0x00000241ca971520 WorkerThread "GC Thread#0"                     [id=19836, stack(0x0000009c95100000,0x0000009c95200000) (1024K)]
  0x00000241e2b51fc0 WorkerThread "GC Thread#1"                     [id=12160, stack(0x0000009c96900000,0x0000009c96a00000) (1024K)]
=>0x00000241e2b52360 WorkerThread "GC Thread#2"                     [id=19492, stack(0x0000009c96a00000,0x0000009c96b00000) (1024K)]
  0x00000241e2b52700 WorkerThread "GC Thread#3"                     [id=4988, stack(0x0000009c96b00000,0x0000009c96c00000) (1024K)]
  0x00000241e2b5aab0 WorkerThread "GC Thread#4"                     [id=18464, stack(0x0000009c96c00000,0x0000009c96d00000) (1024K)]
  0x00000241e2b5ae50 WorkerThread "GC Thread#5"                     [id=26912, stack(0x0000009c96d00000,0x0000009c96e00000) (1024K)]
  0x00000241e2b75240 WorkerThread "GC Thread#6"                     [id=6716, stack(0x0000009c96e00000,0x0000009c96f00000) (1024K)]
  0x00000241e2b755e0 WorkerThread "GC Thread#7"                     [id=17056, stack(0x0000009c96f00000,0x0000009c97000000) (1024K)]
  0x00000241e2b781a0 WorkerThread "GC Thread#8"                     [id=28620, stack(0x0000009c97000000,0x0000009c97100000) (1024K)]
  0x00000241e2b8a010 WorkerThread "GC Thread#9"                     [id=24512, stack(0x0000009c97100000,0x0000009c97200000) (1024K)]
  0x00000241ca983090 ConcurrentGCThread "G1 Main Marker"            [id=28664, stack(0x0000009c95200000,0x0000009c95300000) (1024K)]
  0x00000241ca983b90 WorkerThread "G1 Conc#0"                       [id=24100, stack(0x0000009c95300000,0x0000009c95400000) (1024K)]
  0x00000241e313e850 WorkerThread "G1 Conc#1"                       [id=16096, stack(0x0000009c97b00000,0x0000009c97c00000) (1024K)]
  0x00000241e313ebf0 WorkerThread "G1 Conc#2"                       [id=19404, stack(0x0000009c97c00000,0x0000009c97d00000) (1024K)]
  0x00000241ddaf2200 ConcurrentGCThread "G1 Refine#0"               [id=16928, stack(0x0000009c95400000,0x0000009c95500000) (1024K)]
  0x00000241ddaf2b80 ConcurrentGCThread "G1 Service"                [id=25004, stack(0x0000009c95500000,0x0000009c95600000) (1024K)]
Total: 18

Threads with active compile tasks:
Total: 0

VM state: at safepoint (normal execution)

VM Mutex/Monitor currently owned by a thread:  ([mutex/lock_event])
[0x00007ff8db562da8] Threads_lock - owner thread: 0x00000241ddc33110
[0x00007ff8db562ea8] Heap_lock - owner thread: 0x00000241e5727180

Heap address: 0x0000000704800000, size: 4024 MB, Compressed Oops mode: Zero based, Oop shift amount: 3

CDS archive(s) mapped at: [0x0000024180000000-0x0000024180c90000-0x0000024180c90000), size 13172736, SharedBaseAddress: 0x0000024180000000, ArchiveRelocationMode: 1.
Compressed class space mapped at: 0x0000024181000000-0x00000241c1000000, reserved size: 1073741824
Narrow klass base: 0x0000024180000000, Narrow klass shift: 0, Narrow klass range: 0x100000000

GC Precious Log:
 CardTable entry size: 512
 Card Set container configuration: InlinePtr #cards 4 size 8 Array Of Cards #cards 16 size 48 Howl #buckets 8 coarsen threshold 3686 Howl Bitmap #cards 512 size 80 coarsen threshold 460 Card regions per heap region 1 cards per card region 4096
 CPUs: 12 total, 12 available
 Memory: 16092M
 Large Page Support: Disabled
 NUMA Support: Disabled
 Compressed Oops: Enabled (Zero based)
 Heap Region Size: 2M
 Heap Min Capacity: 8M
 Heap Initial Capacity: 252M
 Heap Max Capacity: 4024M
 Pre-touch: Disabled
 Parallel Workers: 10
 Concurrent Workers: 3
 Concurrent Refinement Workers: 10
 Periodic GC: Disabled

Heap:
 garbage-first heap   total 116736K, used 96688K [0x0000000704800000, 0x0000000800000000)
  region size 2048K, 33 young (67584K), 3 survivors (6144K)
 Metaspace       used 74202K, committed 75072K, reserved 1114112K
  class space    used 10348K, committed 10688K, reserved 1048576K

Heap Regions: E=young(eden), S=young(survivor), O=old, HS=humongous(starts), HC=humongous(continues), CS=collection set, F=free, TAMS=top-at-mark-start, PB=parsable bottom
|   0|0x0000000704800000, 0x0000000704a00000, 0x0000000704a00000|100%| O|  |TAMS 0x0000000704a00000| PB 0x0000000704800000| Untracked 
|   1|0x0000000704a00000, 0x0000000704c00000, 0x0000000704c00000|100%| O|  |TAMS 0x0000000704c00000| PB 0x0000000704a00000| Untracked 
|   2|0x0000000704c00000, 0x0000000704e00000, 0x0000000704e00000|100%| O|  |TAMS 0x0000000704e00000| PB 0x0000000704c00000| Untracked 
|   3|0x0000000704e00000, 0x0000000705000000, 0x0000000705000000|100%| O|  |TAMS 0x0000000705000000| PB 0x0000000704e00000| Untracked 
|   4|0x0000000705000000, 0x0000000705200000, 0x0000000705200000|100%| O|  |TAMS 0x0000000705200000| PB 0x0000000705000000| Untracked 
|   5|0x0000000705200000, 0x0000000705400000, 0x0000000705400000|100%| O|  |TAMS 0x0000000705400000| PB 0x0000000705200000| Untracked 
|   6|0x0000000705400000, 0x0000000705600000, 0x0000000705600000|100%| O|  |TAMS 0x0000000705600000| PB 0x0000000705400000| Untracked 
|   7|0x0000000705600000, 0x0000000705800000, 0x0000000705800000|100%| O|  |TAMS 0x0000000705800000| PB 0x0000000705600000| Untracked 
|   8|0x0000000705800000, 0x0000000705a00000, 0x0000000705a00000|100%| O|  |TAMS 0x0000000705a00000| PB 0x0000000705800000| Untracked 
|   9|0x0000000705a00000, 0x0000000705c00000, 0x0000000705c00000|100%| O|  |TAMS 0x0000000705c00000| PB 0x0000000705a00000| Untracked 
|  10|0x0000000705c00000, 0x0000000705e00000, 0x0000000705e00000|100%| O|  |TAMS 0x0000000705e00000| PB 0x0000000705c00000| Untracked 
|  11|0x0000000705e00000, 0x0000000706000000, 0x0000000706000000|100%| O|  |TAMS 0x0000000706000000| PB 0x0000000705e00000| Untracked 
|  12|0x0000000706000000, 0x0000000706200000, 0x0000000706200000|100%| O|  |TAMS 0x0000000706200000| PB 0x0000000706000000| Untracked 
|  13|0x0000000706200000, 0x0000000706400000, 0x0000000706400000|100%| O|  |TAMS 0x00000007063c9100| PB 0x0000000706200000| Untracked 
|  14|0x0000000706400000, 0x0000000706600000, 0x0000000706600000|100%| O|  |TAMS 0x0000000706400000| PB 0x0000000706400000| Untracked 
|  15|0x0000000706600000, 0x00000007066f86a0, 0x0000000706800000| 48%| O|  |TAMS 0x0000000706600000| PB 0x0000000706600000| Untracked 
|  16|0x0000000706800000, 0x0000000706800000, 0x0000000706a00000|  0%| F|  |TAMS 0x0000000706800000| PB 0x0000000706800000| Untracked 
|  17|0x0000000706a00000, 0x0000000706a00000, 0x0000000706c00000|  0%| F|  |TAMS 0x0000000706a00000| PB 0x0000000706a00000| Untracked 
|  18|0x0000000706c00000, 0x0000000706c00000, 0x0000000706e00000|  0%| F|  |TAMS 0x0000000706c00000| PB 0x0000000706c00000| Untracked 
|  19|0x0000000706e00000, 0x0000000706ea3080, 0x0000000707000000| 31%| E|CS|TAMS 0x0000000706e00000| PB 0x0000000706e00000| Complete 
|  20|0x0000000707000000, 0x0000000707200000, 0x0000000707200000|100%| E|CS|TAMS 0x0000000707000000| PB 0x0000000707000000| Complete 
|  21|0x0000000707200000, 0x0000000707400000, 0x0000000707400000|100%| E|CS|TAMS 0x0000000707200000| PB 0x0000000707200000| Complete 
|  22|0x0000000707400000, 0x0000000707600000, 0x0000000707600000|100%| E|CS|TAMS 0x0000000707400000| PB 0x0000000707400000| Complete 
|  23|0x0000000707600000, 0x0000000707600000, 0x0000000707800000|  0%| F|  |TAMS 0x0000000707600000| PB 0x0000000707600000| Untracked 
|  24|0x0000000707800000, 0x00000007078bae40, 0x0000000707a00000| 36%| S|  |TAMS 0x0000000707800000| PB 0x0000000707800000| Complete 
|  25|0x0000000707a00000, 0x0000000707c00000, 0x0000000707c00000|100%| S|  |TAMS 0x0000000707a00000| PB 0x0000000707a00000| Complete 
|  26|0x0000000707c00000, 0x0000000707e00000, 0x0000000707e00000|100%| S|  |TAMS 0x0000000707c00000| PB 0x0000000707c00000| Complete 
|  27|0x0000000707e00000, 0x0000000708000000, 0x0000000708000000|100%| E|CS|TAMS 0x0000000707e00000| PB 0x0000000707e00000| Complete 
|  28|0x0000000708000000, 0x0000000708200000, 0x0000000708200000|100%| E|CS|TAMS 0x0000000708000000| PB 0x0000000708000000| Complete 
|  29|0x0000000708200000, 0x0000000708400000, 0x0000000708400000|100%| E|CS|TAMS 0x0000000708200000| PB 0x0000000708200000| Complete 
|  30|0x0000000708400000, 0x0000000708600000, 0x0000000708600000|100%| E|CS|TAMS 0x0000000708400000| PB 0x0000000708400000| Complete 
|  31|0x0000000708600000, 0x0000000708800000, 0x0000000708800000|100%| E|CS|TAMS 0x0000000708600000| PB 0x0000000708600000| Complete 
|  32|0x0000000708800000, 0x0000000708a00000, 0x0000000708a00000|100%| E|CS|TAMS 0x0000000708800000| PB 0x0000000708800000| Complete 
|  33|0x0000000708a00000, 0x0000000708c00000, 0x0000000708c00000|100%| E|CS|TAMS 0x0000000708a00000| PB 0x0000000708a00000| Complete 
|  34|0x0000000708c00000, 0x0000000708e00000, 0x0000000708e00000|100%| E|CS|TAMS 0x0000000708c00000| PB 0x0000000708c00000| Complete 
|  35|0x0000000708e00000, 0x0000000709000000, 0x0000000709000000|100%| E|CS|TAMS 0x0000000708e00000| PB 0x0000000708e00000| Complete 
|  36|0x0000000709000000, 0x0000000709200000, 0x0000000709200000|100%| E|CS|TAMS 0x0000000709000000| PB 0x0000000709000000| Complete 
|  37|0x0000000709200000, 0x0000000709400000, 0x0000000709400000|100%| E|CS|TAMS 0x0000000709200000| PB 0x0000000709200000| Complete 
|  38|0x0000000709400000, 0x0000000709600000, 0x0000000709600000|100%| E|CS|TAMS 0x0000000709400000| PB 0x0000000709400000| Complete 
|  39|0x0000000709600000, 0x0000000709800000, 0x0000000709800000|100%| E|CS|TAMS 0x0000000709600000| PB 0x0000000709600000| Complete 
|  40|0x0000000709800000, 0x0000000709a00000, 0x0000000709a00000|100%| E|CS|TAMS 0x0000000709800000| PB 0x0000000709800000| Complete 
|  41|0x0000000709a00000, 0x0000000709c00000, 0x0000000709c00000|100%| E|CS|TAMS 0x0000000709a00000| PB 0x0000000709a00000| Complete 
|  42|0x0000000709c00000, 0x0000000709e00000, 0x0000000709e00000|100%| E|CS|TAMS 0x0000000709c00000| PB 0x0000000709c00000| Complete 
|  43|0x0000000709e00000, 0x000000070a000000, 0x000000070a000000|100%| E|CS|TAMS 0x0000000709e00000| PB 0x0000000709e00000| Complete 
|  44|0x000000070a000000, 0x000000070a200000, 0x000000070a200000|100%| E|CS|TAMS 0x000000070a000000| PB 0x000000070a000000| Complete 
|  45|0x000000070a200000, 0x000000070a400000, 0x000000070a400000|100%| E|CS|TAMS 0x000000070a200000| PB 0x000000070a200000| Complete 
|  46|0x000000070a400000, 0x000000070a600000, 0x000000070a600000|100%| E|CS|TAMS 0x000000070a400000| PB 0x000000070a400000| Complete 
|  47|0x000000070a600000, 0x000000070a800000, 0x000000070a800000|100%| E|CS|TAMS 0x000000070a600000| PB 0x000000070a600000| Complete 
|  48|0x000000070a800000, 0x000000070aa00000, 0x000000070aa00000|100%| E|CS|TAMS 0x000000070a800000| PB 0x000000070a800000| Complete 
|  49|0x000000070aa00000, 0x000000070ac00000, 0x000000070ac00000|100%| E|CS|TAMS 0x000000070aa00000| PB 0x000000070aa00000| Complete 
|  50|0x000000070ac00000, 0x000000070ae00000, 0x000000070ae00000|100%| E|CS|TAMS 0x000000070ac00000| PB 0x000000070ac00000| Complete 
|  51|0x000000070ae00000, 0x000000070b000000, 0x000000070b000000|100%| E|CS|TAMS 0x000000070ae00000| PB 0x000000070ae00000| Complete 
|  52|0x000000070b000000, 0x000000070b200000, 0x000000070b200000|100%| E|CS|TAMS 0x000000070b000000| PB 0x000000070b000000| Complete 
|  53|0x000000070b200000, 0x000000070b400000, 0x000000070b400000|100%| E|CS|TAMS 0x000000070b200000| PB 0x000000070b200000| Complete 
|  54|0x000000070b400000, 0x000000070b600000, 0x000000070b600000|100%| E|CS|TAMS 0x000000070b400000| PB 0x000000070b400000| Complete 
|  55|0x000000070b600000, 0x000000070b800000, 0x000000070b800000|100%| E|CS|TAMS 0x000000070b600000| PB 0x000000070b600000| Complete 
| 125|0x0000000714200000, 0x0000000714400000, 0x0000000714400000|100%| E|CS|TAMS 0x0000000714200000| PB 0x0000000714200000| Complete 

Card table byte_map: [0x00000241d6890000,0x00000241d7070000] _byte_map_base: 0x00000241d306c000

Marking Bits: (CMBitMap*) 0x00000241ca971c20
 Bits: [0x00000241d7070000, 0x00000241daf50000)

Polling page: 0x00000241c86b0000

Metaspace:

Usage:
  Non-class:     62.36 MB used.
      Class:     10.11 MB used.
       Both:     72.46 MB used.

Virtual space:
  Non-class space:       64.00 MB reserved,      62.88 MB ( 98%) committed,  1 nodes.
      Class space:        1.00 GB reserved,      10.44 MB (  1%) committed,  1 nodes.
             Both:        1.06 GB reserved,      73.31 MB (  7%) committed. 

Chunk freelists:
   Non-Class:  240.00 KB
       Class:  5.38 MB
        Both:  5.61 MB

MaxMetaspaceSize: unlimited
CompressedClassSpaceSize: 1.00 GB
Initial GC threshold: 21.00 MB
Current GC threshold: 77.62 MB
CDS: on
 - commit_granule_bytes: 65536.
 - commit_granule_words: 8192.
 - virtual_space_node_default_size: 8388608.
 - enlarge_chunks_in_place: 1.
 - use_allocation_guard: 0.


Internal statistics:

num_allocs_failed_limit: 6.
num_arena_births: 1244.
num_arena_deaths: 0.
num_vsnodes_births: 2.
num_vsnodes_deaths: 0.
num_space_committed: 1173.
num_space_uncommitted: 0.
num_chunks_returned_to_freelist: 6.
num_chunks_taken_from_freelist: 3926.
num_chunk_merges: 6.
num_chunk_splits: 2834.
num_chunks_enlarged: 2189.
num_inconsistent_stats: 0.

CodeCache: size=49152Kb used=12794Kb max_used=14143Kb free=36357Kb
 bounds [0x00000241d2d70000, 0x00000241d3b40000, 0x00000241d5d70000]
 total_blobs=7224 nmethods=6514 adapters=633
 compilation: enabled
              stopped_count=0, restarted_count=0
 full_count=0

Compilation events (20 events):
Event: 89.107 Thread 0x00000241ddc663d0 6575       1       sun.rmi.server.MarshalInputStream::readLocation (5 bytes)
Event: 89.108 Thread 0x00000241ddc663d0 nmethod 6575 0x00000241d3431310 code [0x00000241d34314c0, 0x00000241d34315b8]
Event: 89.111 Thread 0x00000241ddc663d0 6576       1       javax.management.ObjectName::getCanonicalKeyPropertyListString (45 bytes)
Event: 89.111 Thread 0x00000241ddc663d0 nmethod 6576 0x00000241d3430e90 code [0x00000241d3431040, 0x00000241d34311d8]
Event: 89.766 Thread 0x00000241ddc663d0 6577       1       java.util.concurrent.atomic.AtomicBoolean::set (14 bytes)
Event: 89.766 Thread 0x00000241ddc663d0 nmethod 6577 0x00000241d3430b90 code [0x00000241d3430d20, 0x00000241d3430e00]
Event: 90.660 Thread 0x00000241ddc663d0 6578       1       java.lang.invoke.MethodHandleImpl$AsVarargsCollector::<init> (11 bytes)
Event: 90.661 Thread 0x00000241ddc663d0 nmethod 6578 0x00000241d3430590 code [0x00000241d3430760, 0x00000241d3430a08]
Event: 90.661 Thread 0x00000241ddc663d0 6579       1       java.lang.invoke.MethodHandleImpl$AsVarargsCollector::<init> (17 bytes)
Event: 90.662 Thread 0x00000241ddc663d0 nmethod 6579 0x00000241d342ff90 code [0x00000241d3430160, 0x00000241d3430400]
Event: 90.666 Thread 0x00000241ddc663d0 6580       1       org.springframework.context.event.GenericApplicationListenerAdapter::resolveDeclaredEventType (57 bytes)
Event: 90.666 Thread 0x00000241ddc663d0 nmethod 6580 0x00000241d342f890 code [0x00000241d342fa80, 0x00000241d342fdb0]
Event: 90.666 Thread 0x00000241ddc663d0 6581       1       org.springframework.context.event.AbstractApplicationEventMulticaster::supportsEvent (56 bytes)
Event: 90.667 Thread 0x00000241ddc663d0 nmethod 6581 0x00000241d342f090 code [0x00000241d342f280, 0x00000241d342f6d8]
Event: 90.674 Thread 0x00000241ddc663d0 6582       1       java.net.InetAddress::holder (5 bytes)
Event: 90.674 Thread 0x00000241ddc663d0 nmethod 6582 0x00000241d342ed90 code [0x00000241d342ef20, 0x00000241d342eff0]
Event: 90.680 Thread 0x00000241ddc663d0 6583       1       org.apache.tomcat.util.net.Acceptor::getState (5 bytes)
Event: 90.680 Thread 0x00000241ddc663d0 nmethod 6583 0x00000241d342ea90 code [0x00000241d342ec20, 0x00000241d342ecf0]
Event: 90.680 Thread 0x00000241ddc663d0 6584       1       org.apache.tomcat.util.net.AbstractEndpoint::isPaused (5 bytes)
Event: 90.680 Thread 0x00000241ddc663d0 nmethod 6584 0x00000241d342e790 code [0x00000241d342e920, 0x00000241d342e9f0]

GC Heap History (20 events):
Event: 5.324 GC heap after
{Heap after GC invocations=10 (full 0):
 garbage-first heap   total 75776K, used 19723K [0x0000000704800000, 0x0000000800000000)
  region size 2048K, 2 young (4096K), 2 survivors (4096K)
 Metaspace       used 31240K, committed 31744K, reserved 1114112K
  class space    used 4140K, committed 4352K, reserved 1048576K
}
Event: 5.826 GC heap before
{Heap before GC invocations=10 (full 0):
 garbage-first heap   total 75776K, used 60683K [0x0000000704800000, 0x0000000800000000)
  region size 2048K, 22 young (45056K), 2 survivors (4096K)
 Metaspace       used 34100K, committed 34624K, reserved 1114112K
  class space    used 4520K, committed 4736K, reserved 1048576K
}
Event: 5.831 GC heap after
{Heap after GC invocations=11 (full 0):
 garbage-first heap   total 98304K, used 21448K [0x0000000704800000, 0x0000000800000000)
  region size 2048K, 2 young (4096K), 2 survivors (4096K)
 Metaspace       used 34100K, committed 34624K, reserved 1114112K
  class space    used 4520K, committed 4736K, reserved 1048576K
}
Event: 6.309 GC heap before
{Heap before GC invocations=11 (full 0):
 garbage-first heap   total 98304K, used 74696K [0x0000000704800000, 0x0000000800000000)
  region size 2048K, 28 young (57344K), 2 survivors (4096K)
 Metaspace       used 38696K, committed 39360K, reserved 1114112K
  class space    used 5064K, committed 5376K, reserved 1048576K
}
Event: 6.316 GC heap after
{Heap after GC invocations=12 (full 0):
 garbage-first heap   total 98304K, used 23066K [0x0000000704800000, 0x0000000800000000)
  region size 2048K, 3 young (6144K), 3 survivors (6144K)
 Metaspace       used 38696K, committed 39360K, reserved 1114112K
  class space    used 5064K, committed 5376K, reserved 1048576K
}
Event: 6.634 GC heap before
{Heap before GC invocations=12 (full 0):
 garbage-first heap   total 98304K, used 74266K [0x0000000704800000, 0x0000000800000000)
  region size 2048K, 28 young (57344K), 3 survivors (6144K)
 Metaspace       used 43006K, committed 43648K, reserved 1114112K
  class space    used 5645K, committed 5952K, reserved 1048576K
}
Event: 6.638 GC heap after
{Heap after GC invocations=13 (full 0):
 garbage-first heap   total 98304K, used 24108K [0x0000000704800000, 0x0000000800000000)
  region size 2048K, 3 young (6144K), 3 survivors (6144K)
 Metaspace       used 43006K, committed 43648K, reserved 1114112K
  class space    used 5645K, committed 5952K, reserved 1048576K
}
Event: 6.882 GC heap before
{Heap before GC invocations=13 (full 0):
 garbage-first heap   total 98304K, used 67116K [0x0000000704800000, 0x0000000800000000)
  region size 2048K, 26 young (53248K), 3 survivors (6144K)
 Metaspace       used 47024K, committed 47616K, reserved 1114112K
  class space    used 6330K, committed 6592K, reserved 1048576K
}
Event: 6.887 GC heap after
{Heap after GC invocations=14 (full 0):
 garbage-first heap   total 98304K, used 25140K [0x0000000704800000, 0x0000000800000000)
  region size 2048K, 2 young (4096K), 2 survivors (4096K)
 Metaspace       used 47024K, committed 47616K, reserved 1114112K
  class space    used 6330K, committed 6592K, reserved 1048576K
}
Event: 7.303 GC heap before
{Heap before GC invocations=15 (full 0):
 garbage-first heap   total 96256K, used 76340K [0x0000000704800000, 0x0000000800000000)
  region size 2048K, 28 young (57344K), 2 survivors (4096K)
 Metaspace       used 51747K, committed 52416K, reserved 1114112K
  class space    used 6986K, committed 7296K, reserved 1048576K
}
Event: 7.307 GC heap after
{Heap after GC invocations=16 (full 0):
 garbage-first heap   total 116736K, used 26081K [0x0000000704800000, 0x0000000800000000)
  region size 2048K, 3 young (6144K), 3 survivors (6144K)
 Metaspace       used 51747K, committed 52416K, reserved 1114112K
  class space    used 6986K, committed 7296K, reserved 1048576K
}
Event: 7.731 GC heap before
{Heap before GC invocations=16 (full 0):
 garbage-first heap   total 116736K, used 87521K [0x0000000704800000, 0x0000000800000000)
  region size 2048K, 34 young (69632K), 3 survivors (6144K)
 Metaspace       used 58539K, committed 59200K, reserved 1114112K
  class space    used 8115K, committed 8384K, reserved 1048576K
}
Event: 7.736 GC heap after
{Heap after GC invocations=17 (full 0):
 garbage-first heap   total 116736K, used 26613K [0x0000000704800000, 0x0000000800000000)
  region size 2048K, 3 young (6144K), 3 survivors (6144K)
 Metaspace       used 58539K, committed 59200K, reserved 1114112K
  class space    used 8115K, committed 8384K, reserved 1048576K
}
Event: 8.339 GC heap before
{Heap before GC invocations=17 (full 0):
 garbage-first heap   total 116736K, used 90101K [0x0000000704800000, 0x0000000800000000)
  region size 2048K, 34 young (69632K), 3 survivors (6144K)
 Metaspace       used 63544K, committed 64256K, reserved 1114112K
  class space    used 8785K, committed 9088K, reserved 1048576K
}
Event: 8.350 GC heap after
{Heap after GC invocations=18 (full 0):
 garbage-first heap   total 116736K, used 29004K [0x0000000704800000, 0x0000000800000000)
  region size 2048K, 4 young (8192K), 4 survivors (8192K)
 Metaspace       used 63544K, committed 64256K, reserved 1114112K
  class space    used 8785K, committed 9088K, reserved 1048576K
}
Event: 9.081 GC heap before
{Heap before GC invocations=18 (full 0):
 garbage-first heap   total 116736K, used 90444K [0x0000000704800000, 0x0000000800000000)
  region size 2048K, 34 young (69632K), 4 survivors (8192K)
 Metaspace       used 66015K, committed 66688K, reserved 1114112K
  class space    used 9158K, committed 9472K, reserved 1048576K
}
Event: 9.091 GC heap after
{Heap after GC invocations=19 (full 0):
 garbage-first heap   total 116736K, used 31963K [0x0000000704800000, 0x0000000800000000)
  region size 2048K, 4 young (8192K), 4 survivors (8192K)
 Metaspace       used 66015K, committed 66688K, reserved 1114112K
  class space    used 9158K, committed 9472K, reserved 1048576K
}
Event: 9.858 GC heap before
{Heap before GC invocations=19 (full 0):
 garbage-first heap   total 116736K, used 93403K [0x0000000704800000, 0x0000000800000000)
  region size 2048K, 34 young (69632K), 4 survivors (8192K)
 Metaspace       used 68308K, committed 69120K, reserved 1114112K
  class space    used 9548K, committed 9920K, reserved 1048576K
}
Event: 9.865 GC heap after
{Heap after GC invocations=20 (full 0):
 garbage-first heap   total 116736K, used 35248K [0x0000000704800000, 0x0000000800000000)
  region size 2048K, 4 young (8192K), 4 survivors (8192K)
 Metaspace       used 68308K, committed 69120K, reserved 1114112K
  class space    used 9548K, committed 9920K, reserved 1048576K
}
Event: 90.683 GC heap before
{Heap before GC invocations=20 (full 0):
 garbage-first heap   total 116736K, used 94640K [0x0000000704800000, 0x0000000800000000)
  region size 2048K, 34 young (69632K), 4 survivors (8192K)
 Metaspace       used 74202K, committed 75072K, reserved 1114112K
  class space    used 10348K, committed 10688K, reserved 1048576K
}

Dll operation events (12 events):
Event: 0.007 Loaded shared library C:\Program Files\Java\jdk-21\bin\java.dll
Event: 0.256 Loaded shared library C:\Program Files\Java\jdk-21\bin\zip.dll
Event: 0.276 Loaded shared library C:\Program Files\Java\jdk-21\bin\instrument.dll
Event: 0.285 Loaded shared library C:\Program Files\Java\jdk-21\bin\net.dll
Event: 0.286 Loaded shared library C:\Program Files\Java\jdk-21\bin\nio.dll
Event: 0.290 Loaded shared library C:\Program Files\Java\jdk-21\bin\zip.dll
Event: 0.452 Loaded shared library C:\Program Files\Java\jdk-21\bin\jimage.dll
Event: 0.496 Loaded shared library C:\Program Files\Java\jdk-21\bin\management.dll
Event: 0.507 Loaded shared library C:\Program Files\Java\jdk-21\bin\management_ext.dll
Event: 0.818 Loaded shared library C:\Program Files\Java\jdk-21\bin\extnet.dll
Event: 0.899 Loaded shared library C:\Program Files\Java\jdk-21\bin\verify.dll
Event: 2.499 Loaded shared library C:\Program Files\Java\jdk-21\bin\sunmscapi.dll

Deoptimization events (20 events):
Event: 90.658 Thread 0x00000241e5724390 DEOPT PACKING pc=0x00000241d3206d14 sp=0x0000009c981fee60
Event: 90.658 Thread 0x00000241e5724390 DEOPT UNPACKING pc=0x00000241d2dc4e42 sp=0x0000009c981fe328 mode 1
Event: 90.658 Thread 0x00000241e5724390 DEOPT PACKING pc=0x00000241d354a1d4 sp=0x0000009c981feef0
Event: 90.658 Thread 0x00000241e5724390 DEOPT UNPACKING pc=0x00000241d2dc4e42 sp=0x0000009c981fe510 mode 1
Event: 90.658 Thread 0x00000241e5724390 DEOPT PACKING pc=0x00000241d32430d9 sp=0x0000009c981fe350
Event: 90.658 Thread 0x00000241e5724390 DEOPT UNPACKING pc=0x00000241d2dc4e42 sp=0x0000009c981fd7a8 mode 1
Event: 90.658 Thread 0x00000241e5724390 DEOPT PACKING pc=0x00000241d322e1ac sp=0x0000009c981fe3e0
Event: 90.658 Thread 0x00000241e5724390 DEOPT UNPACKING pc=0x00000241d2dc4e42 sp=0x0000009c981fd888 mode 1
Event: 90.658 Thread 0x00000241e5724390 DEOPT PACKING pc=0x00000241d3206d14 sp=0x0000009c981fee60
Event: 90.658 Thread 0x00000241e5724390 DEOPT UNPACKING pc=0x00000241d2dc4e42 sp=0x0000009c981fe328 mode 1
Event: 90.658 Thread 0x00000241e5724390 DEOPT PACKING pc=0x00000241d354a1d4 sp=0x0000009c981feef0
Event: 90.658 Thread 0x00000241e5724390 DEOPT UNPACKING pc=0x00000241d2dc4e42 sp=0x0000009c981fe510 mode 1
Event: 90.658 Thread 0x00000241e5724390 DEOPT PACKING pc=0x00000241d32430d9 sp=0x0000009c981fe350
Event: 90.658 Thread 0x00000241e5724390 DEOPT UNPACKING pc=0x00000241d2dc4e42 sp=0x0000009c981fd7a8 mode 1
Event: 90.658 Thread 0x00000241e5724390 DEOPT PACKING pc=0x00000241d322e1ac sp=0x0000009c981fe3e0
Event: 90.658 Thread 0x00000241e5724390 DEOPT UNPACKING pc=0x00000241d2dc4e42 sp=0x0000009c981fd888 mode 1
Event: 90.658 Thread 0x00000241e5724390 DEOPT PACKING pc=0x00000241d3206d14 sp=0x0000009c981fee60
Event: 90.658 Thread 0x00000241e5724390 DEOPT UNPACKING pc=0x00000241d2dc4e42 sp=0x0000009c981fe328 mode 1
Event: 90.658 Thread 0x00000241e5724390 DEOPT PACKING pc=0x00000241d354a1d4 sp=0x0000009c981feef0
Event: 90.658 Thread 0x00000241e5724390 DEOPT UNPACKING pc=0x00000241d2dc4e42 sp=0x0000009c981fe510 mode 1

Classes loaded (20 events):
Event: 90.677 Loading class java/net/DelegatingSocketImpl done
Event: 90.677 Loading class java/net/SocksSocketImpl done
Event: 90.677 Loading class java/net/SocksSocketImpl$3
Event: 90.677 Loading class java/net/SocksSocketImpl$3 done
Event: 90.677 Loading class java/net/ProxySelector
Event: 90.677 Loading class java/net/ProxySelector done
Event: 90.677 Loading class sun/net/spi/DefaultProxySelector
Event: 90.678 Loading class sun/net/spi/DefaultProxySelector done
Event: 90.678 Loading class java/net/Proxy
Event: 90.678 Loading class java/net/Proxy done
Event: 90.678 Loading class java/net/Proxy$Type
Event: 90.678 Loading class java/net/Proxy$Type done
Event: 90.678 Loading class sun/net/spi/DefaultProxySelector$1
Event: 90.678 Loading class sun/net/spi/DefaultProxySelector$1 done
Event: 90.678 Loading class sun/net/spi/DefaultProxySelector$NonProxyInfo
Event: 90.678 Loading class sun/net/spi/DefaultProxySelector$NonProxyInfo done
Event: 90.678 Loading class sun/net/spi/DefaultProxySelector$3
Event: 90.679 Loading class sun/net/spi/DefaultProxySelector$3 done
Event: 90.680 Loading class java/util/concurrent/locks/AbstractQueuedSynchronizer$SharedNode
Event: 90.680 Loading class java/util/concurrent/locks/AbstractQueuedSynchronizer$SharedNode done

Classes unloaded (0 events):
No events

Classes redefined (0 events):
No events

Internal exceptions (20 events):
Event: 9.866 Thread 0x00000241e29ad7c0 Exception <a 'java/lang/ClassNotFoundException'{0x000000071430fc70}: org/springframework/boot/actuate/endpoint/jmx/DataEndpointMBean> (0x000000071430fc70) 
thrown [s\open\src\hotspot\share\classfile\systemDictionary.cpp, line 312]
Event: 9.871 Thread 0x00000241e2953820 Exception <a 'java/lang/NoSuchMethodError'{0x000000071422b150}: 'long java.lang.invoke.DirectMethodHandle$Holder.invokeStatic(java.lang.Object, java.lang.Object, java.lang.Object)'> (0x000000071422b150) 
thrown [s\open\src\hotspot\share\interpreter\linkResolver.cpp, line 773]
Event: 9.872 Thread 0x00000241e29ad7c0 Exception <a 'java/lang/ClassNotFoundException'{0x000000070b43ce78}: org/springframework/context/support/LiveBeansView> (0x000000070b43ce78) 
thrown [s\open\src\hotspot\share\classfile\systemDictionary.cpp, line 312]
Event: 9.873 Thread 0x00000241e29ad7c0 Exception <a 'java/lang/ClassNotFoundException'{0x000000070b441ce0}: org/springframework/boot/actuate/endpoint/jmx/EndpointMBean> (0x000000070b441ce0) 
thrown [s\open\src\hotspot\share\classfile\systemDictionary.cpp, line 312]
Event: 9.873 Thread 0x00000241e29ad7c0 Exception <a 'java/lang/ClassNotFoundException'{0x000000070b4420a0}: org/springframework/boot/actuate/endpoint/jmx/DataEndpointMBean> (0x000000070b4420a0) 
thrown [s\open\src\hotspot\share\classfile\systemDictionary.cpp, line 312]
Event: 9.873 Thread 0x00000241e29ad7c0 Exception <a 'java/lang/ClassNotFoundException'{0x000000070b442458}: org/springframework/context/support/LiveBeansView> (0x000000070b442458) 
thrown [s\open\src\hotspot\share\classfile\systemDictionary.cpp, line 312]
Event: 9.873 Thread 0x00000241e29ad7c0 Exception <a 'java/lang/ClassNotFoundException'{0x000000070b442818}: org/springframework/boot/actuate/endpoint/jmx/EndpointMBean> (0x000000070b442818) 
thrown [s\open\src\hotspot\share\classfile\systemDictionary.cpp, line 312]
Event: 9.873 Thread 0x00000241e29ad7c0 Exception <a 'java/lang/ClassNotFoundException'{0x000000070b442bd8}: org/springframework/boot/actuate/endpoint/jmx/DataEndpointMBean> (0x000000070b442bd8) 
thrown [s\open\src\hotspot\share\classfile\systemDictionary.cpp, line 312]
Event: 9.873 Thread 0x00000241e29ad7c0 Exception <a 'java/lang/ClassNotFoundException'{0x000000070b442f90}: org/springframework/context/support/LiveBeansView> (0x000000070b442f90) 
thrown [s\open\src\hotspot\share\classfile\systemDictionary.cpp, line 312]
Event: 9.878 Thread 0x00000241e29ad7c0 Exception <a 'java/lang/NoSuchMethodError'{0x000000070b4ac608}: 'java.lang.Object java.lang.invoke.DirectMethodHandle$Holder.newInvokeSpecial(java.lang.Object, java.lang.Object, java.lang.Object, java.lang.Object, int)'> (0x000000070b4ac608) 
thrown [s\open\src\hotspot\share\interpreter\linkResolver.cpp, line 773]
Event: 9.878 Thread 0x00000241e29ad7c0 Exception <a 'java/lang/NoSuchMethodError'{0x000000070b4b05c8}: 'java.lang.Object java.lang.invoke.DirectMethodHandle$Holder.invokeSpecial(java.lang.Object, java.lang.Object, java.lang.Object, java.lang.Object, java.lang.Object, int)'> (0x000000070b4b05c8) 
thrown [s\open\src\hotspot\share\interpreter\linkResolver.cpp, line 773]
Event: 9.878 Thread 0x00000241e29ad7c0 Exception <a 'java/lang/NoSuchMethodError'{0x000000070b4b3e38}: 'java.lang.Object java.lang.invoke.Invokers$Holder.linkToTargetMethod(java.lang.Object, java.lang.Object, java.lang.Object, int, java.lang.Object)'> (0x000000070b4b3e38) 
thrown [s\open\src\hotspot\share\interpreter\linkResolver.cpp, line 773]
Event: 12.804 Thread 0x00000241e5726af0 Exception <a 'java/lang/NoSuchMethodError'{0x000000070a7ea648}: 'java.lang.Object java.lang.invoke.DirectMethodHandle$Holder.invokeSpecial(java.lang.Object, java.lang.Object, java.lang.Object, java.lang.Object, java.lang.Object, long)'> (0x000000070a7ea648) 
thrown [s\open\src\hotspot\share\interpreter\linkResolver.cpp, line 773]
Event: 12.804 Thread 0x00000241e5726af0 Exception <a 'java/lang/NoSuchMethodError'{0x000000070a7ede08}: 'java.lang.Object java.lang.invoke.Invokers$Holder.linkToTargetMethod(java.lang.Object, java.lang.Object, java.lang.Object, long, java.lang.Object)'> (0x000000070a7ede08) 
thrown [s\open\src\hotspot\share\interpreter\linkResolver.cpp, line 773]
Event: 27.520 Thread 0x00000241e5726af0 Exception <a 'java/lang/NoSuchMethodError'{0x00000007093ff808}: 'java.lang.Object java.lang.invoke.DirectMethodHandle$Holder.invokeInterface(java.lang.Object, java.lang.Object, java.lang.Object, java.lang.Object)'> (0x00000007093ff808) 
thrown [s\open\src\hotspot\share\interpreter\linkResolver.cpp, line 773]
Event: 28.135 Thread 0x00000241e5726af0 Exception <a 'java/lang/IncompatibleClassChangeError'{0x0000000709148700}: Found class java.lang.Object, but interface was expected> (0x0000000709148700) 
thrown [s\open\src\hotspot\share\interpreter\linkResolver.cpp, line 840]
Event: 30.240 Thread 0x00000241e5726af0 Exception <a 'java/lang/IncompatibleClassChangeError'{0x000000070822ae08}: Found class java.lang.Object, but interface was expected> (0x000000070822ae08) 
thrown [s\open\src\hotspot\share\interpreter\linkResolver.cpp, line 840]
Event: 30.275 Thread 0x00000241e5726af0 Exception <a 'java/lang/NoSuchMethodError'{0x000000070837b718}: 'java.lang.Object java.lang.invoke.DirectMethodHandle$Holder.newInvokeSpecial(java.lang.Object, java.lang.Object, java.lang.Object, long)'> (0x000000070837b718) 
thrown [s\open\src\hotspot\share\interpreter\linkResolver.cpp, line 773]
Event: 30.277 Thread 0x00000241e5726af0 Exception <a 'java/lang/NoSuchMethodError'{0x000000070837fa78}: 'java.lang.Object java.lang.invoke.DirectMethodHandle$Holder.invokeSpecial(java.lang.Object, java.lang.Object, java.lang.Object, java.lang.Object, long)'> (0x000000070837fa78) 
thrown [s\open\src\hotspot\share\interpreter\linkResolver.cpp, line 773]
Event: 30.278 Thread 0x00000241e5726af0 Exception <a 'java/lang/NoSuchMethodError'{0x0000000708383738}: 'java.lang.Object java.lang.invoke.Invokers$Holder.linkToTargetMethod(java.lang.Object, java.lang.Object, long, java.lang.Object)'> (0x0000000708383738) 
thrown [s\open\src\hotspot\share\interpreter\linkResolver.cpp, line 773]

ZGC Phase Switch (0 events):
No events

VM Operations (20 events):
Event: 90.298 Executing VM operation: get/set locals done
Event: 90.298 Executing VM operation: get/set locals
Event: 90.298 Executing VM operation: get/set locals done
Event: 90.299 Executing VM operation: get/set locals
Event: 90.299 Executing VM operation: get/set locals done
Event: 90.299 Executing VM operation: get/set locals
Event: 90.299 Executing VM operation: get/set locals done
Event: 90.300 Executing VM operation: get/set locals
Event: 90.300 Executing VM operation: get/set locals done
Event: 90.300 Executing VM operation: get/set locals
Event: 90.300 Executing VM operation: get/set locals done
Event: 90.301 Executing VM operation: get/set locals
Event: 90.301 Executing VM operation: get/set locals done
Event: 90.301 Executing VM operation: get/set locals
Event: 90.301 Executing VM operation: get/set locals done
Event: 90.303 Executing VM operation: get/set locals
Event: 90.303 Executing VM operation: get/set locals done
Event: 90.304 Executing VM operation: get/set locals
Event: 90.304 Executing VM operation: get/set locals done
Event: 90.683 Executing VM operation: G1CollectForAllocation (G1 Evacuation Pause)

Events (20 events):
Event: 9.812 Thread 0x00000241e2f939a0 Thread added: 0x00000241e2f939a0
Event: 9.813 Thread 0x00000241e29aa340 Thread added: 0x00000241e29aa340
Event: 9.817 Thread 0x00000241e57215a0 Thread exited: 0x00000241e57215a0
Event: 9.818 Thread 0x00000241e29ab6f0 Thread added: 0x00000241e29ab6f0
Event: 9.819 Thread 0x00000241e29a8900 Thread added: 0x00000241e29a8900
Event: 9.820 Thread 0x00000241e2f939a0 Thread exited: 0x00000241e2f939a0
Event: 9.821 Thread 0x00000241e29ac410 Thread added: 0x00000241e29ac410
Event: 9.822 Thread 0x00000241e29ab6f0 Thread exited: 0x00000241e29ab6f0
Event: 9.824 Thread 0x00000241e29ac410 Thread exited: 0x00000241e29ac410
Event: 9.835 Thread 0x00000241e29ad7c0 Thread added: 0x00000241e29ad7c0
Event: 9.837 Thread 0x00000241e29a9cb0 Thread added: 0x00000241e29a9cb0
Event: 11.784 Thread 0x00000241e2f91f60 Thread exited: 0x00000241e2f91f60
Event: 13.847 Thread 0x00000241e32879c0 Thread exited: 0x00000241e32879c0
Event: 14.850 Thread 0x00000241e20d4640 Thread exited: 0x00000241e20d4640
Event: 16.092 Thread 0x00000241e20cdb10 Thread exited: 0x00000241e20cdb10
Event: 90.663 Thread 0x00000241e29acaa0 Thread added: 0x00000241e29acaa0
Event: 90.664 Thread 0x00000241e5724390 Thread exited: 0x00000241e5724390
Event: 90.680 Thread 0x00000241e5727ea0 Thread exited: 0x00000241e5727ea0
Event: 90.682 Thread 0x00000241e5727810 Thread exited: 0x00000241e5727810
Event: 90.683 Thread 0x00000241e5726460 Thread exited: 0x00000241e5726460


Dynamic libraries:
0x00007ff7287f0000 - 0x00007ff728800000 	C:\Program Files\Java\jdk-21\bin\javaw.exe
0x00007ff909130000 - 0x00007ff909347000 	C:\Windows\SYSTEM32\ntdll.dll
0x00007ff9080c0000 - 0x00007ff908184000 	C:\Windows\System32\KERNEL32.DLL
0x00007ff906a30000 - 0x00007ff906ddd000 	C:\Windows\System32\KERNELBASE.dll
0x00007ff906910000 - 0x00007ff906a21000 	C:\Windows\System32\ucrtbase.dll
0x00007ff8df0f0000 - 0x00007ff8df109000 	C:\Program Files\Java\jdk-21\bin\jli.dll
0x00007ff908000000 - 0x00007ff9080b2000 	C:\Windows\System32\ADVAPI32.dll
0x00007ff9073a0000 - 0x00007ff907447000 	C:\Windows\System32\msvcrt.dll
0x00007ff906f60000 - 0x00007ff907009000 	C:\Windows\System32\sechost.dll
0x00007ff9064c0000 - 0x00007ff9064e8000 	C:\Windows\System32\bcrypt.dll
0x00007ff908350000 - 0x00007ff908464000 	C:\Windows\System32\RPCRT4.dll
0x00007ff908d60000 - 0x00007ff908f0e000 	C:\Windows\System32\USER32.dll
0x00007ff906700000 - 0x00007ff906726000 	C:\Windows\System32\win32u.dll
0x00007ff9086f0000 - 0x00007ff908719000 	C:\Windows\System32\GDI32.dll
0x00007ff9067f0000 - 0x00007ff906909000 	C:\Windows\System32\gdi32full.dll
0x00007ff9064f0000 - 0x00007ff90658a000 	C:\Windows\System32\msvcp_win.dll
0x00007ff8df0d0000 - 0x00007ff8df0eb000 	C:\Program Files\Java\jdk-21\bin\VCRUNTIME140.dll
0x00007ff8e5000000 - 0x00007ff8e5293000 	C:\Windows\WinSxS\amd64_microsoft.windows.common-controls_6595b64144ccf1df_6.0.22621.3672_none_2713b9d173822955\COMCTL32.dll
0x00007ff8edef0000 - 0x00007ff8edefa000 	C:\Windows\SYSTEM32\VERSION.dll
0x00007ff9075b0000 - 0x00007ff9075e1000 	C:\Windows\System32\IMM32.DLL
0x00007ff8df0a0000 - 0x00007ff8df0ac000 	C:\Program Files\Java\jdk-21\bin\vcruntime140_1.dll
0x00007ff8db820000 - 0x00007ff8db8ae000 	C:\Program Files\Java\jdk-21\bin\msvcp140.dll
0x00007ff8da930000 - 0x00007ff8db63d000 	C:\Program Files\Java\jdk-21\bin\server\jvm.dll
0x00007ff907700000 - 0x00007ff907771000 	C:\Windows\System32\WS2_32.dll
0x00007ff906160000 - 0x00007ff9061ad000 	C:\Windows\SYSTEM32\POWRPROF.dll
0x00007ff8fdeb0000 - 0x00007ff8fdee4000 	C:\Windows\SYSTEM32\WINMM.dll
0x00007ff906140000 - 0x00007ff906153000 	C:\Windows\SYSTEM32\UMPDC.dll
0x00007ff905480000 - 0x00007ff905498000 	C:\Windows\SYSTEM32\kernel.appcore.dll
0x00007ff8df070000 - 0x00007ff8df07a000 	C:\Program Files\Java\jdk-21\bin\jimage.dll
0x00007ff903b60000 - 0x00007ff903d92000 	C:\Windows\SYSTEM32\DBGHELP.DLL
0x00007ff907010000 - 0x00007ff90739d000 	C:\Windows\System32\combase.dll
0x00007ff908610000 - 0x00007ff9086e7000 	C:\Windows\System32\OLEAUT32.dll
0x00007ff8e9ed0000 - 0x00007ff8e9f02000 	C:\Windows\SYSTEM32\dbgcore.DLL
0x00007ff906de0000 - 0x00007ff906e5b000 	C:\Windows\System32\bcryptPrimitives.dll
0x00007ff8ee040000 - 0x00007ff8ee07c000 	C:\Program Files\Java\jdk-21\bin\jdwp.dll
0x00007ff8fe0b0000 - 0x00007ff8fe0bf000 	C:\Program Files\Java\jdk-21\bin\instrument.dll
0x00007ff8e6ed0000 - 0x00007ff8e6eef000 	C:\Program Files\Java\jdk-21\bin\java.dll
0x00007ff907790000 - 0x00007ff907ff8000 	C:\Windows\System32\SHELL32.dll
0x00007ff904350000 - 0x00007ff904c4e000 	C:\Windows\SYSTEM32\windows.storage.dll
0x00007ff904210000 - 0x00007ff90434f000 	C:\Windows\SYSTEM32\wintypes.dll
0x00007ff908f10000 - 0x00007ff909009000 	C:\Windows\System32\SHCORE.dll
0x00007ff909010000 - 0x00007ff90906e000 	C:\Windows\System32\shlwapi.dll
0x00007ff906380000 - 0x00007ff9063a1000 	C:\Windows\SYSTEM32\profapi.dll
0x00007ff8fdd90000 - 0x00007ff8fdd9c000 	C:\Program Files\Java\jdk-21\bin\dt_socket.dll
0x00007ff904f00000 - 0x00007ff904f2d000 	C:\Windows\SYSTEM32\IPHLPAPI.DLL
0x00007ff9058f0000 - 0x00007ff905959000 	C:\Windows\system32\mswsock.dll
0x00007ff904f80000 - 0x00007ff905078000 	C:\Windows\SYSTEM32\DNSAPI.dll
0x00007ff9088d0000 - 0x00007ff9088d9000 	C:\Windows\System32\NSI.dll
0x00007ff8fc280000 - 0x00007ff8fc28a000 	C:\Windows\System32\rasadhlp.dll
0x00007ff901150000 - 0x00007ff9011d3000 	C:\Windows\System32\fwpuclnt.dll
0x00007ff8d8440000 - 0x00007ff8d8458000 	C:\Program Files\Java\jdk-21\bin\zip.dll
0x00007ff8dbba0000 - 0x00007ff8dbbb0000 	C:\Program Files\Java\jdk-21\bin\net.dll
0x00007ff901f80000 - 0x00007ff9020b6000 	C:\Windows\SYSTEM32\WINHTTP.dll
0x00007ff8d8460000 - 0x00007ff8d8476000 	C:\Program Files\Java\jdk-21\bin\nio.dll
0x00007ff8e9e20000 - 0x00007ff8e9e2a000 	C:\Program Files\Java\jdk-21\bin\management.dll
0x00007ff8e9e10000 - 0x00007ff8e9e1b000 	C:\Program Files\Java\jdk-21\bin\management_ext.dll
0x00007ff908470000 - 0x00007ff908478000 	C:\Windows\System32\PSAPI.DLL
0x00007ff8e4740000 - 0x00007ff8e4757000 	C:\Windows\system32\napinsp.dll
0x00007ff8e45f0000 - 0x00007ff8e460b000 	C:\Windows\system32\pnrpnsp.dll
0x00007ff8e3b70000 - 0x00007ff8e3b81000 	C:\Windows\System32\winrnr.dll
0x00007ff8fddf0000 - 0x00007ff8fde05000 	C:\Windows\system32\wshbth.dll
0x00007ff8e3920000 - 0x00007ff8e3947000 	C:\Windows\system32\nlansp_c.dll
0x00007ff905b50000 - 0x00007ff905b6b000 	C:\Windows\SYSTEM32\CRYPTSP.dll
0x00007ff9053e0000 - 0x00007ff905415000 	C:\Windows\system32\rsaenh.dll
0x00007ff9059f0000 - 0x00007ff905a18000 	C:\Windows\SYSTEM32\USERENV.dll
0x00007ff905b70000 - 0x00007ff905b7c000 	C:\Windows\SYSTEM32\CRYPTBASE.dll
0x00007ff8c1520000 - 0x00007ff8c1529000 	C:\Program Files\Java\jdk-21\bin\extnet.dll
0x00007ff8ce090000 - 0x00007ff8ce0a0000 	C:\Program Files\Java\jdk-21\bin\verify.dll
0x00007ff8ca660000 - 0x00007ff8ca66e000 	C:\Program Files\Java\jdk-21\bin\sunmscapi.dll
0x00007ff906590000 - 0x00007ff9066f7000 	C:\Windows\System32\CRYPT32.dll
0x00007ff905d10000 - 0x00007ff905d3e000 	C:\Windows\SYSTEM32\ncrypt.dll
0x00007ff905cd0000 - 0x00007ff905d07000 	C:\Windows\SYSTEM32\NTASN1.dll
0x00007ff8d3740000 - 0x00007ff8d3748000 	C:\Windows\system32\wshunix.dll

dbghelp: loaded successfully - version: 4.0.5 - missing functions: none
symbol engine: initialized successfully - sym options: 0x614 - pdb path: .;C:\Program Files\Java\jdk-21\bin;C:\Windows\SYSTEM32;C:\Windows\WinSxS\amd64_microsoft.windows.common-controls_6595b64144ccf1df_6.0.22621.3672_none_2713b9d173822955;C:\Program Files\Java\jdk-21\bin\server

VM Arguments:
jvm_args: -XX:+ShowCodeDetailsInExceptionMessages -agentlib:jdwp=transport=dt_socket,suspend=y,address=localhost:58306 -Dcom.sun.management.jmxremote -Dcom.sun.management.jmxremote.port=58305 -Dcom.sun.management.jmxremote.authenticate=false -Dcom.sun.management.jmxremote.ssl=false -Djava.rmi.server.hostname=localhost -Dspring.jmx.enabled=true -Dmanagement.endpoints.jmx.exposure.include=* -Dspring.application.admin.enabled=true -XX:TieredStopAtLevel=1 -Dspring.boot.project.name=user-service -javaagent:D:\softwares\sts-4.22.0.RELEASE\configuration\org.eclipse.osgi\266\0\.cp\lib\javaagent-shaded.jar -Dfile.encoding=UTF-8 -Dstdout.encoding=UTF-8 -Dstderr.encoding=UTF-8 
java_command: com.user.service.UserServiceApplication --spring.output.ansi.enabled=always
java_class_path (initial): D:\DBS Project\user-service\target\classes;C:\Users\harsh\.m2\repository\org\springframework\boot\spring-boot-starter-actuator\3.3.3\spring-boot-starter-actuator-3.3.3.jar;C:\Users\harsh\.m2\repository\org\springframework\boot\spring-boot-starter\3.3.3\spring-boot-starter-3.3.3.jar;C:\Users\harsh\.m2\repository\org\springframework\boot\spring-boot-starter-logging\3.3.3\spring-boot-starter-logging-3.3.3.jar;C:\Users\harsh\.m2\repository\ch\qos\logback\logback-classic\1.5.7\logback-classic-1.5.7.jar;C:\Users\harsh\.m2\repository\ch\qos\logback\logback-core\1.5.7\logback-core-1.5.7.jar;C:\Users\harsh\.m2\repository\org\apache\logging\log4j\log4j-to-slf4j\2.23.1\log4j-to-slf4j-2.23.1.jar;C:\Users\harsh\.m2\repository\org\apache\logging\log4j\log4j-api\2.23.1\log4j-api-2.23.1.jar;C:\Users\harsh\.m2\repository\org\slf4j\jul-to-slf4j\2.0.16\jul-to-slf4j-2.0.16.jar;C:\Users\harsh\.m2\repository\jakarta\annotation\jakarta.annotation-api\2.1.1\jakarta.annotation-api-2.1.1.jar;C:\Users\harsh\.m2\repository\org\yaml\snakeyaml\2.2\snakeyaml-2.2.jar;C:\Users\harsh\.m2\repository\org\springframework\boot\spring-boot-actuator-autoconfigure\3.3.3\spring-boot-actuator-autoconfigure-3.3.3.jar;C:\Users\harsh\.m2\repository\org\springframework\boot\spring-boot-actuator\3.3.3\spring-boot-actuator-3.3.3.jar;C:\Users\harsh\.m2\repository\com\fasterxml\jackson\core\jackson-databind\2.17.2\jackson-databind-2.17.2.jar;C:\Users\harsh\.m2\repository\com\fasterxml\jackson\core\jackson-annotations\2.17.2\jackson-annotations-2.17.2.jar;C:\Users\harsh\.m2\repository\com\fasterxml\jackson\core\jackson-core\2.17.2\jackson-core-2.17.2.jar;C:\Users\harsh\.m2\repository\com\fasterxml\jackson\datatype\jackson-datatype-jsr310\2.17.2\jackson-datatype-jsr310-2.17.2.jar;C:\Users\harsh\.m2\repository\io\micrometer\micrometer-observation\1.13.3\micrometer-observation-1.13.3.jar;C:\Users\harsh\.m2\repository\io\micrometer\micrometer-commons\1.13.3\micrometer-commons-1.13.3.jar;C:\Users\harsh\.m2\repository\io\micrometer\micrometer-jakarta9\1.13.3\micrometer-jakarta9-1.13.3.jar;C:\Users\harsh\.m2\repository\io\micrometer\micrometer-core\1.13.3\micrometer-core-1.13.3.jar;C:\Users\harsh\.m2\repository\org\hdrhistogram\HdrHistogram\2.2.2\HdrHistogram-2.2.2.jar;C:\Users\harsh\.m2\repository\org\latencyutils\LatencyUtils\2.0.3\LatencyUtils-2.0.3.jar;C:\Users\harsh\.m2\repository\org\springframework\boot\spring-boot-starter-data-jpa\3.3.3\spring-boot-starter-data-jpa-3.3.3.jar;C:\Users\harsh\.m2\repository\org\springframework\boot\spring-boot-starter-aop\3.3.3\spring-boot-starter-aop-3.3.3.jar;C:\Users\harsh\.m2\repository\org\springframework\spring-aop\6.1.12\spring-aop-6.1.12.jar;C:\Users\harsh\.m2\repository\org\aspectj\aspectjweaver\1.9.22.1\aspectjweaver-1.9.22.1.jar;C:\Users\harsh\.m2\repository\org\springframework\boot\spring-boot-starter-jdbc\3.3.3\spring-boot-starter-jdbc-3.3.3.jar;C:\Users\harsh\.m2\repository\com\zaxxer\HikariCP\5.1.0\HikariCP-5.1.0.jar;C:\Users\harsh\.m2\repository\org\springframework\spring-jdbc\6.1.12\spring-jdbc-6.1.12.jar;C:\Users\harsh\.m2\repository\org\hibernate\orm\hibernate-core\6.5.2.Final\hibernate-core-6.5.2.Final.jar;C:\Users\harsh\.m2\repository\jakarta\persistence\jakarta.persistence-api\3.1.0\jakarta.persistence-api-3.1.0.jar;C:\Users\harsh\.m2\repository\jakarta\transaction\jakarta.transaction-api\2.0.1\jakarta.transaction-api-2.0.1.jar;C:\Users\harsh\.m2\repository\org\jboss\logging\jboss-logging\3.5.3.Final\jboss-logging-3.5.3.Final.jar;C:\Users\harsh\.m2\repository\org\hibernate\common\hibernate-commons-annotations\6.0.6.Final\hibernate-commons-annotations-6.0.6.Final.jar;C:\Users\harsh\.m2\repository\io\smallrye\jandex\3.1.2\jandex-3.1.2.jar;C:\Users\harsh\.m2\repository\com\fasterxml\classmate\1.7.0\classmate-1.7.0.jar;C:\Users\harsh\.m2\repository\net\bytebuddy\byte-buddy\1.14.19\byte-buddy-1.14.19.jar;C:\Users\harsh\.m2\repository\org\glassfish\jaxb\jaxb-runtime\4.0.5\jaxb-runtime-4.0.5.jar;C:\Users\harsh\.m2\repository\org\glassfish\jaxb\jaxb-core\4.0.5\jaxb-core-4.0.5.jar;C:\Users\harsh\.m2\repository\org\eclipse\angus\angus-activation\2.0.2\angus-activation-2.0.2.jar;C:\Users\harsh\.m2\repository\org\glassfish\jaxb\txw2\4.0.5\txw2-4.0.5.jar;C:\Users\harsh\.m2\repository\com\sun\istack\istack-commons-runtime\4.1.2\istack-commons-runtime-4.1.2.jar;C:\Users\harsh\.m2\repository\jakarta\inject\jakarta.inject-api\2.0.1\jakarta.inject-api-2.0.1.jar;C:\Users\harsh\.m2\repository\org\antlr\antlr4-runtime\4.13.0\antlr4-runtime-4.13.0.jar;C:\Users\harsh\.m2\repository\org\springframework\data\spring-data-jpa\3.3.3\spring-data-jpa-3.3.3.jar;C:\Users\harsh\.m2\repository\org\springframework\data\spring-data-commons\3.3.3\spring-data-commons-3.3.3.jar;C:\Users\harsh\.m2\repository\org\springframework\spring-orm\6.1.12\spring-orm-6.1.12.jar;C:\Users\harsh\.m2\repository\org\springframework\spring-context\6.1.12\spring-context-6.1.12.jar;C:\Users\harsh\.m2\repository\org\springframework\spring-tx\6.1.12\spring-tx-6.1.12.jar;C:\Users\harsh\.m2\repository\org\springframework\spring-beans\6.1.12\spring-beans-6.1.12.jar;C:\Users\harsh\.m2\repository\org\slf4j\slf4j-api\2.0.16\slf4j-api-2.0.16.jar;C:\Users\harsh\.m2\repository\org\springframework\spring-aspects\6.1.12\spring-aspects-6.1.12.jar;C:\Users\harsh\.m2\repository\org\springframework\boot\spring-boot-starter-web\3.3.3\spring-boot-starter-web-3.3.3.jar;C:\Users\harsh\.m2\repository\org\springframework\boot\spring-boot-starter-json\3.3.3\spring-boot-starter-json-3.3.3.jar;C:\Users\harsh\.m2\repository\com\fasterxml\jackson\datatype\jackson-datatype-jdk8\2.17.2\jackson-datatype-jdk8-2.17.2.jar;C:\Users\harsh\.m2\repository\com\fasterxml\jackson\module\jackson-module-parameter-names\2.17.2\jackson-module-parameter-names-2.17.2.jar;C:\Users\harsh\.m2\repository\org\springframework\boot\spring-boot-starter-tomcat\3.3.3\spring-boot-starter-tomcat-3.3.3.jar;C:\Users\harsh\.m2\repository\org\apache\tomcat\embed\tomcat-embed-core\10.1.28\tomcat-embed-core-10.1.28.jar;C:\Users\harsh\.m2\repository\org\apache\tomcat\embed\tomcat-embed-el\10.1.28\tomcat-embed-el-10.1.28.jar;C:\Users\harsh\.m2\repository\org\apache\tomcat\embed\tomcat-embed-websocket\10.1.28\tomcat-embed-websocket-10.1.28.jar;C:\Users\harsh\.m2\repository\org\springframework\spring-web\6.1.12\spring-web-6.1.12.jar;C:\Users\harsh\.m2\repository\org\springframework\spring-webmvc\6.1.12\spring-webmvc-6.1.12.jar;C:\Users\harsh\.m2\repository\org\springframework\spring-expression\6.1.12\spring-expression-6.1.12.jar;C:\Users\harsh\.m2\repository\org\springframework\boot\spring-boot-devtools\3.3.3\spring-boot-devtools-3.3.3.jar;C:\Users\harsh\.m2\repository\org\springframework\boot\spring-boot\3.3.3\spring-boot-3.3.3.jar;C:\Users\harsh\.m2\repository\org\springframework\boot\spring-boot-autoconfigure\3.3.3\spring-boot-autoconfigure-3.3.3.jar;C:\Users\harsh\.m2\repository\com\h2database\h2\2.2.224\h2-2.2.224.jar;C:\Users\harsh\.m2\repository\org\projectlombok\lombok\1.18.34\lombok-1.18.34.jar;C:\Users\harsh\.m2\repository\jakarta\xml\bind\jakarta.xml.bind-api\4.0.2\jakarta.xml.bind-api-4.0.2.jar;C:\Users\harsh\.m2\repository\jakarta\activation\jakarta.activation-api\2.1.3\jakarta.activation-api-2.1.3.jar;C:\Users\harsh\.m2\repository\org\springframework\spring-core\6.1.12\spring-core-6.1.12.jar;C:\Users\harsh\.m2\repository\org\springframework\spring-jcl\6.1.12\spring-jcl-6.1.12.jar
Launcher Type: SUN_STANDARD

[Global flags]
     intx CICompilerCount                          = 4                                         {product} {ergonomic}
     uint ConcGCThreads                            = 3                                         {product} {ergonomic}
     uint G1ConcRefinementThreads                  = 10                                        {product} {ergonomic}
   size_t G1HeapRegionSize                         = 2097152                                   {product} {ergonomic}
    uintx GCDrainStackTargetSize                   = 64                                        {product} {ergonomic}
   size_t InitialHeapSize                          = 264241152                                 {product} {ergonomic}
     bool ManagementServer                         = true                                      {product} {command line}
   size_t MarkStackSize                            = 4194304                                   {product} {ergonomic}
   size_t MaxHeapSize                              = 4219469824                                {product} {ergonomic}
   size_t MaxNewSize                               = 2531262464                                {product} {ergonomic}
   size_t MinHeapDeltaBytes                        = 2097152                                   {product} {ergonomic}
   size_t MinHeapSize                              = 8388608                                   {product} {ergonomic}
    uintx NonNMethodCodeHeapSize                   = 4096                                   {pd product} {ergonomic}
    uintx NonProfiledCodeHeapSize                  = 0                                      {pd product} {ergonomic}
     bool ProfileInterpreter                       = false                                  {pd product} {command line}
    uintx ProfiledCodeHeapSize                     = 0                                      {pd product} {ergonomic}
     bool ShowCodeDetailsInExceptionMessages       = true                                   {manageable} {command line}
   size_t SoftMaxHeapSize                          = 4219469824                             {manageable} {ergonomic}
     intx TieredStopAtLevel                        = 1                                         {product} {command line}
     bool UseCompressedOops                        = true                           {product lp64_product} {ergonomic}
     bool UseG1GC                                  = true                                      {product} {ergonomic}
     bool UseLargePagesIndividualAllocation        = false                                  {pd product} {ergonomic}

Logging:
Log output configuration:
 #0: stdout all=warning uptime,level,tags foldmultilines=false
 #1: stderr all=off uptime,level,tags foldmultilines=false

Environment Variables:
PATH=D:/softwares/sts-4.22.0.RELEASE//plugins/org.eclipse.justj.openjdk.hotspot.jre.full.win32.x86_64_17.0.10.v20240120-1143/jre/bin/server;D:/softwares/sts-4.22.0.RELEASE//plugins/org.eclipse.justj.openjdk.hotspot.jre.full.win32.x86_64_17.0.10.v20240120-1143/jre/bin;C:\Program Files\Common Files\Oracle\Java\javapath;C:\Windows\system32;C:\Windows;C:\Windows\System32\Wbem;C:\Windows\System32\WindowsPowerShell\v1.0\;C:\Windows\System32\OpenSSH\;C:\Program Files\Docker\Docker\resources\bin;D:\softwares\apache-maven-3.9.8\apache-maven\src\bin;C:\Program Files\apache-maven-3.9.8\bin;C:\Program Files\Git\cmd;C:\Program Files\Kubernetes\Minikube;C:\Program Files\nodejs\;C:\Users\harsh\AppData\Local\Microsoft\WindowsApps;C:\Users\harsh\AppData\Local\GitHubDesktop\bin;C:\Users\harsh\AppData\Local\Programs\mongosh\;C:\minikube;C:\Users\harsh\AppData\Local\Programs\Microsoft VS Code\bin;C:\Users\harsh\AppData\Roaming\npm;D:\softwares\sts-4.22.0.RELEASE;
USERNAME=harsh
OS=Windows_NT
PROCESSOR_IDENTIFIER=Intel64 Family 6 Model 154 Stepping 3, GenuineIntel
TMP=C:\Users\harsh\AppData\Local\Temp
TEMP=C:\Users\harsh\AppData\Local\Temp




Periodic native trim disabled

---------------  S Y S T E M  ---------------

OS:
 Windows 11 , 64 bit Build 22621 (10.0.22621.3958)
OS uptime: 9 days 3:30 hours
Hyper-V role detected

CPU: total 12 (initial active 12) (6 cores per cpu, 2 threads per core) family 6 model 154 stepping 3 microcode 0x423, cx8, cmov, fxsr, ht, mmx, 3dnowpref, sse, sse2, sse3, ssse3, sse4.1, sse4.2, popcnt, lzcnt, tsc, tscinvbit, avx, avx2, aes, erms, clmul, bmi1, bmi2, adx, sha, fma, vzeroupper, clflush, clflushopt, clwb, hv, serialize, rdtscp, rdpid, fsrm, f16c, cet_ibt, cet_ss
Processor Information for processor 0
  Max Mhz: 2000, Current Mhz: 2000, Mhz Limit: 2000
Processor Information for processor 1
  Max Mhz: 2000, Current Mhz: 1520, Mhz Limit: 2000
Processor Information for processor 2
  Max Mhz: 2000, Current Mhz: 2000, Mhz Limit: 2000
Processor Information for processor 3
  Max Mhz: 2000, Current Mhz: 1520, Mhz Limit: 2000
Processor Information for processor 4
  Max Mhz: 2000, Current Mhz: 1520, Mhz Limit: 2000
Processor Information for processor 5
  Max Mhz: 2000, Current Mhz: 2000, Mhz Limit: 2000
Processor Information for processor 6
  Max Mhz: 2000, Current Mhz: 2000, Mhz Limit: 2000
Processor Information for processor 7
  Max Mhz: 2000, Current Mhz: 2000, Mhz Limit: 2000
Processor Information for processor 8
  Max Mhz: 2000, Current Mhz: 1466, Mhz Limit: 2000
Processor Information for processor 9
  Max Mhz: 2000, Current Mhz: 1466, Mhz Limit: 2000
Processor Information for processor 10
  Max Mhz: 2000, Current Mhz: 1466, Mhz Limit: 2000
Processor Information for processor 11
  Max Mhz: 2000, Current Mhz: 1466, Mhz Limit: 2000

Memory: 4k page, system-wide physical 16092M (3450M free)
TotalPageFile size 32476M (AvailPageFile size 15149M)
current process WorkingSet (physical memory assigned to process): 290M, peak: 290M
current process commit charge ("private bytes"): 334M, peak: 377M

vm_info: Java HotSpot(TM) 64-Bit Server VM (21.0.3+7-LTS-152) for windows-amd64 JRE (21.0.3+7-LTS-152), built on 2024-03-11T17:42:26Z by "mach5one" with MS VC++ 17.6 (VS2022)

END.
